ERROR - 2020-08-05 15:21:08 --> Unable to write cache file: F:\FBP\fullbasketproperty.com\application\cache/
ERROR - 2020-08-05 15:21:33 --> Unable to write cache file: F:\FBP\fullbasketproperty.com\application\cache/
ERROR - 2020-08-05 15:21:38 --> Unable to write cache file: F:\FBP\fullbasketproperty.com\application\cache/
ERROR - 2020-08-05 15:21:42 --> Unable to write cache file: F:\FBP\fullbasketproperty.com\application\cache/
ERROR - 2020-08-05 15:21:46 --> Unable to write cache file: F:\FBP\fullbasketproperty.com\application\cache/
ERROR - 2020-08-05 15:21:51 --> Unable to write cache file: F:\FBP\fullbasketproperty.com\application\cache/
ERROR - 2020-08-05 15:21:56 --> Unable to write cache file: F:\FBP\fullbasketproperty.com\application\cache/
ERROR - 2020-08-05 15:22:03 --> Unable to write cache file: F:\FBP\fullbasketproperty.com\application\cache/
ERROR - 2020-08-05 15:22:09 --> Unable to write cache file: F:\FBP\fullbasketproperty.com\application\cache/
ERROR - 2020-08-05 15:22:16 --> Unable to write cache file: F:\FBP\fullbasketproperty.com\application\cache/
ERROR - 2020-08-05 15:22:21 --> Unable to write cache file: F:\FBP\fullbasketproperty.com\application\cache/
ERROR - 2020-08-05 15:22:27 --> Unable to write cache file: F:\FBP\fullbasketproperty.com\application\cache/
ERROR - 2020-08-05 15:22:32 --> Unable to write cache file: F:\FBP\fullbasketproperty.com\application\cache/
ERROR - 2020-08-05 15:22:37 --> Unable to write cache file: F:\FBP\fullbasketproperty.com\application\cache/
ERROR - 2020-08-05 15:22:42 --> Unable to write cache file: F:\FBP\fullbasketproperty.com\application\cache/
ERROR - 2020-08-05 15:22:48 --> Unable to write cache file: F:\FBP\fullbasketproperty.com\application\cache/
ERROR - 2020-08-05 15:22:55 --> Unable to write cache file: F:\FBP\fullbasketproperty.com\application\cache/
ERROR - 2020-08-05 15:23:01 --> Unable to write cache file: F:\FBP\fullbasketproperty.com\application\cache/
ERROR - 2020-08-05 15:23:06 --> Unable to write cache file: F:\FBP\fullbasketproperty.com\application\cache/
ERROR - 2020-08-05 15:23:12 --> Unable to write cache file: F:\FBP\fullbasketproperty.com\application\cache/
ERROR - 2020-08-05 15:23:17 --> Unable to write cache file: F:\FBP\fullbasketproperty.com\application\cache/
ERROR - 2020-08-05 15:23:23 --> Unable to write cache file: F:\FBP\fullbasketproperty.com\application\cache/
ERROR - 2020-08-05 15:23:28 --> Unable to write cache file: F:\FBP\fullbasketproperty.com\application\cache/
ERROR - 2020-08-05 15:23:33 --> Unable to write cache file: F:\FBP\fullbasketproperty.com\application\cache/
ERROR - 2020-08-05 15:23:38 --> Unable to write cache file: F:\FBP\fullbasketproperty.com\application\cache/
ERROR - 2020-08-05 15:23:43 --> Unable to write cache file: F:\FBP\fullbasketproperty.com\application\cache/
ERROR - 2020-08-05 15:23:47 --> Unable to write cache file: F:\FBP\fullbasketproperty.com\application\cache/
ERROR - 2020-08-05 15:23:52 --> Unable to write cache file: F:\FBP\fullbasketproperty.com\application\cache/
ERROR - 2020-08-05 15:23:58 --> Unable to write cache file: F:\FBP\fullbasketproperty.com\application\cache/
ERROR - 2020-08-05 15:24:03 --> Unable to write cache file: F:\FBP\fullbasketproperty.com\application\cache/
ERROR - 2020-08-05 15:24:07 --> Unable to write cache file: F:\FBP\fullbasketproperty.com\application\cache/
ERROR - 2020-08-05 15:24:13 --> Unable to write cache file: F:\FBP\fullbasketproperty.com\application\cache/
ERROR - 2020-08-05 15:24:18 --> Unable to write cache file: F:\FBP\fullbasketproperty.com\application\cache/
ERROR - 2020-08-05 15:24:23 --> Unable to write cache file: F:\FBP\fullbasketproperty.com\application\cache/
ERROR - 2020-08-05 15:24:28 --> Unable to write cache file: F:\FBP\fullbasketproperty.com\application\cache/
ERROR - 2020-08-05 15:24:33 --> Unable to write cache file: F:\FBP\fullbasketproperty.com\application\cache/
ERROR - 2020-08-05 15:24:38 --> Unable to write cache file: F:\FBP\fullbasketproperty.com\application\cache/
ERROR - 2020-08-05 15:24:43 --> Unable to write cache file: F:\FBP\fullbasketproperty.com\application\cache/
ERROR - 2020-08-05 15:24:48 --> Unable to write cache file: F:\FBP\fullbasketproperty.com\application\cache/
ERROR - 2020-08-05 15:24:52 --> Unable to write cache file: F:\FBP\fullbasketproperty.com\application\cache/
ERROR - 2020-08-05 15:24:57 --> Unable to write cache file: F:\FBP\fullbasketproperty.com\application\cache/
ERROR - 2020-08-05 15:25:02 --> Unable to write cache file: F:\FBP\fullbasketproperty.com\application\cache/
ERROR - 2020-08-05 15:25:09 --> Unable to write cache file: F:\FBP\fullbasketproperty.com\application\cache/
ERROR - 2020-08-05 15:25:14 --> Unable to write cache file: F:\FBP\fullbasketproperty.com\application\cache/
ERROR - 2020-08-05 15:25:19 --> Unable to write cache file: F:\FBP\fullbasketproperty.com\application\cache/
ERROR - 2020-08-05 15:25:25 --> Unable to write cache file: F:\FBP\fullbasketproperty.com\application\cache/
ERROR - 2020-08-05 15:25:30 --> Unable to write cache file: F:\FBP\fullbasketproperty.com\application\cache/
ERROR - 2020-08-05 15:25:37 --> Unable to write cache file: F:\FBP\fullbasketproperty.com\application\cache/
ERROR - 2020-08-05 15:25:42 --> Unable to write cache file: F:\FBP\fullbasketproperty.com\application\cache/
ERROR - 2020-08-05 15:25:48 --> Unable to write cache file: F:\FBP\fullbasketproperty.com\application\cache/
ERROR - 2020-08-05 15:25:55 --> Unable to write cache file: F:\FBP\fullbasketproperty.com\application\cache/
ERROR - 2020-08-05 15:25:59 --> Unable to write cache file: F:\FBP\fullbasketproperty.com\application\cache/
ERROR - 2020-08-05 15:26:53 --> Severity: Warning --> Illegal string offset 'bhk' F:\FBP\fullbasketproperty.com\application\controllers\Home.php 118
ERROR - 2020-08-05 15:26:53 --> Severity: Warning --> Illegal string offset 'bhk_range' F:\FBP\fullbasketproperty.com\application\controllers\Home.php 118
ERROR - 2020-08-05 15:26:53 --> Severity: Warning --> Illegal string offset 'price' F:\FBP\fullbasketproperty.com\application\controllers\Home.php 119
ERROR - 2020-08-05 15:26:53 --> Severity: Warning --> Illegal string offset 'price_range' F:\FBP\fullbasketproperty.com\application\controllers\Home.php 119
ERROR - 2020-08-05 15:26:53 --> Severity: Warning --> Illegal string offset 'baths' F:\FBP\fullbasketproperty.com\application\controllers\Home.php 120
ERROR - 2020-08-05 15:26:53 --> Severity: Warning --> Illegal string offset 'baths_range' F:\FBP\fullbasketproperty.com\application\controllers\Home.php 120
ERROR - 2020-08-05 15:27:11 --> Unable to write cache file: F:\FBP\fullbasketproperty.com\application\cache/
ERROR - 2020-08-05 15:27:40 --> Severity: Warning --> Illegal string offset 'bhk' F:\FBP\fullbasketproperty.com\application\controllers\Home.php 118
ERROR - 2020-08-05 15:27:40 --> Severity: Warning --> Illegal string offset 'bhk_range' F:\FBP\fullbasketproperty.com\application\controllers\Home.php 118
ERROR - 2020-08-05 15:27:40 --> Severity: Warning --> Illegal string offset 'price' F:\FBP\fullbasketproperty.com\application\controllers\Home.php 119
ERROR - 2020-08-05 15:27:40 --> Severity: Warning --> Illegal string offset 'price_range' F:\FBP\fullbasketproperty.com\application\controllers\Home.php 119
ERROR - 2020-08-05 15:27:40 --> Severity: Warning --> Illegal string offset 'baths' F:\FBP\fullbasketproperty.com\application\controllers\Home.php 120
ERROR - 2020-08-05 15:27:40 --> Severity: Warning --> Illegal string offset 'baths_range' F:\FBP\fullbasketproperty.com\application\controllers\Home.php 120
ERROR - 2020-08-05 15:27:57 --> Unable to write cache file: F:\FBP\fullbasketproperty.com\application\cache/
ERROR - 2020-08-05 15:28:13 --> Severity: Warning --> Illegal string offset 'bhk_range' F:\FBP\fullbasketproperty.com\application\controllers\Home.php 118
ERROR - 2020-08-05 15:28:13 --> Severity: Warning --> Illegal string offset 'price' F:\FBP\fullbasketproperty.com\application\controllers\Home.php 119
ERROR - 2020-08-05 15:28:13 --> Severity: Warning --> Illegal string offset 'price_range' F:\FBP\fullbasketproperty.com\application\controllers\Home.php 119
ERROR - 2020-08-05 15:28:13 --> Severity: Warning --> Illegal string offset 'baths' F:\FBP\fullbasketproperty.com\application\controllers\Home.php 120
ERROR - 2020-08-05 15:28:13 --> Severity: Warning --> Illegal string offset 'baths_range' F:\FBP\fullbasketproperty.com\application\controllers\Home.php 120
ERROR - 2020-08-05 15:28:31 --> Unable to write cache file: F:\FBP\fullbasketproperty.com\application\cache/
ERROR - 2020-08-05 15:29:10 --> Severity: Warning --> Illegal string offset 'bhk_range' F:\FBP\fullbasketproperty.com\application\controllers\Home.php 118
ERROR - 2020-08-05 15:29:10 --> Severity: Warning --> Illegal string offset 'price_range' F:\FBP\fullbasketproperty.com\application\controllers\Home.php 119
ERROR - 2020-08-05 15:29:10 --> Severity: Warning --> Illegal string offset 'baths_range' F:\FBP\fullbasketproperty.com\application\controllers\Home.php 120
ERROR - 2020-08-05 15:29:26 --> Unable to write cache file: F:\FBP\fullbasketproperty.com\application\cache/
ERROR - 2020-08-05 15:29:53 --> Severity: Warning --> Illegal string offset 'bhk_range' F:\FBP\fullbasketproperty.com\application\controllers\Home.php 118
ERROR - 2020-08-05 15:29:53 --> Severity: Warning --> Illegal string offset 'price_range' F:\FBP\fullbasketproperty.com\application\controllers\Home.php 119
ERROR - 2020-08-05 15:29:53 --> Severity: Warning --> Illegal string offset 'baths_range' F:\FBP\fullbasketproperty.com\application\controllers\Home.php 120
ERROR - 2020-08-05 15:30:12 --> Unable to write cache file: F:\FBP\fullbasketproperty.com\application\cache/
ERROR - 2020-08-05 12:01:07 --> Severity: Compile Error --> Cannot use isset() on the result of an expression (you can use "null !== expression" instead) F:\FBP\fullbasketproperty.com\application\controllers\Home.php 118
ERROR - 2020-08-05 15:32:20 --> Unable to write cache file: F:\FBP\fullbasketproperty.com\application\cache/
ERROR - 2020-08-05 15:32:51 --> Unable to write cache file: F:\FBP\fullbasketproperty.com\application\cache/
ERROR - 2020-08-05 15:32:58 --> Unable to write cache file: F:\FBP\fullbasketproperty.com\application\cache/
ERROR - 2020-08-05 15:33:04 --> Unable to write cache file: F:\FBP\fullbasketproperty.com\application\cache/
ERROR - 2020-08-05 15:33:18 --> Unable to write cache file: F:\FBP\fullbasketproperty.com\application\cache/
ERROR - 2020-08-05 15:33:23 --> Unable to write cache file: F:\FBP\fullbasketproperty.com\application\cache/
ERROR - 2020-08-05 15:33:29 --> Unable to write cache file: F:\FBP\fullbasketproperty.com\application\cache/
ERROR - 2020-08-05 15:33:34 --> Unable to write cache file: F:\FBP\fullbasketproperty.com\application\cache/
ERROR - 2020-08-05 15:34:38 --> Unable to write cache file: F:\FBP\fullbasketproperty.com\application\cache/
ERROR - 2020-08-05 15:34:44 --> Unable to write cache file: F:\FBP\fullbasketproperty.com\application\cache/
ERROR - 2020-08-05 16:25:29 --> Unable to write cache file: F:\FBP\fullbasketproperty.com\application\cache/
ERROR - 2020-08-05 16:25:38 --> Unable to write cache file: F:\FBP\fullbasketproperty.com\application\cache/
ERROR - 2020-08-05 16:25:52 --> Unable to write cache file: F:\FBP\fullbasketproperty.com\application\cache/
ERROR - 2020-08-05 16:25:56 --> Unable to write cache file: F:\FBP\fullbasketproperty.com\application\cache/
ERROR - 2020-08-05 16:26:02 --> Unable to write cache file: F:\FBP\fullbasketproperty.com\application\cache/
ERROR - 2020-08-05 16:26:07 --> Unable to write cache file: F:\FBP\fullbasketproperty.com\application\cache/
ERROR - 2020-08-05 16:26:18 --> Unable to write cache file: F:\FBP\fullbasketproperty.com\application\cache/
ERROR - 2020-08-05 16:26:24 --> Unable to write cache file: F:\FBP\fullbasketproperty.com\application\cache/
ERROR - 2020-08-05 16:35:55 --> Unable to write cache file: F:\FBP\fullbasketproperty.com\application\cache/
ERROR - 2020-08-05 16:36:08 --> Unable to write cache file: F:\FBP\fullbasketproperty.com\application\cache/
ERROR - 2020-08-05 18:57:07 --> Unable to write cache file: F:\FBP\fullbasketproperty.com\application\cache/
ERROR - 2020-08-05 18:57:19 --> Unable to write cache file: F:\FBP\fullbasketproperty.com\application\cache/
ERROR - 2020-08-05 18:57:30 --> Unable to write cache file: F:\FBP\fullbasketproperty.com\application\cache/
ERROR - 2020-08-05 18:57:39 --> Unable to write cache file: F:\FBP\fullbasketproperty.com\application\cache/
ERROR - 2020-08-05 18:57:48 --> Unable to write cache file: F:\FBP\fullbasketproperty.com\application\cache/
ERROR - 2020-08-05 18:57:55 --> Unable to write cache file: F:\FBP\fullbasketproperty.com\application\cache/
ERROR - 2020-08-05 18:58:04 --> Unable to write cache file: F:\FBP\fullbasketproperty.com\application\cache/
ERROR - 2020-08-05 18:58:11 --> Unable to write cache file: F:\FBP\fullbasketproperty.com\application\cache/
ERROR - 2020-08-05 18:58:18 --> Unable to write cache file: F:\FBP\fullbasketproperty.com\application\cache/
ERROR - 2020-08-05 18:58:25 --> Unable to write cache file: F:\FBP\fullbasketproperty.com\application\cache/
ERROR - 2020-08-05 18:58:33 --> Unable to write cache file: F:\FBP\fullbasketproperty.com\application\cache/
ERROR - 2020-08-05 18:58:40 --> Unable to write cache file: F:\FBP\fullbasketproperty.com\application\cache/
ERROR - 2020-08-05 18:58:47 --> Unable to write cache file: F:\FBP\fullbasketproperty.com\application\cache/
ERROR - 2020-08-05 18:58:54 --> Unable to write cache file: F:\FBP\fullbasketproperty.com\application\cache/
ERROR - 2020-08-05 18:59:01 --> Unable to write cache file: F:\FBP\fullbasketproperty.com\application\cache/
ERROR - 2020-08-05 18:59:08 --> Unable to write cache file: F:\FBP\fullbasketproperty.com\application\cache/
ERROR - 2020-08-05 18:59:15 --> Unable to write cache file: F:\FBP\fullbasketproperty.com\application\cache/
ERROR - 2020-08-05 18:59:23 --> Unable to write cache file: F:\FBP\fullbasketproperty.com\application\cache/
ERROR - 2020-08-05 18:59:31 --> Unable to write cache file: F:\FBP\fullbasketproperty.com\application\cache/
ERROR - 2020-08-05 18:59:39 --> Unable to write cache file: F:\FBP\fullbasketproperty.com\application\cache/
ERROR - 2020-08-05 18:59:47 --> Unable to write cache file: F:\FBP\fullbasketproperty.com\application\cache/
ERROR - 2020-08-05 18:59:55 --> Unable to write cache file: F:\FBP\fullbasketproperty.com\application\cache/
ERROR - 2020-08-05 19:00:04 --> Unable to write cache file: F:\FBP\fullbasketproperty.com\application\cache/
ERROR - 2020-08-05 19:00:12 --> Unable to write cache file: F:\FBP\fullbasketproperty.com\application\cache/
ERROR - 2020-08-05 19:00:19 --> Unable to write cache file: F:\FBP\fullbasketproperty.com\application\cache/
ERROR - 2020-08-05 19:00:28 --> Unable to write cache file: F:\FBP\fullbasketproperty.com\application\cache/
ERROR - 2020-08-05 19:00:37 --> Unable to write cache file: F:\FBP\fullbasketproperty.com\application\cache/
