ERROR - 2020-08-11 11:16:22 --> Unable to write cache file: F:\FBP\fullbasketproperty.com\application\cache/
ERROR - 2020-08-11 11:16:34 --> Unable to write cache file: F:\FBP\fullbasketproperty.com\application\cache/
ERROR - 2020-08-11 11:16:39 --> Unable to write cache file: F:\FBP\fullbasketproperty.com\application\cache/
ERROR - 2020-08-11 11:16:44 --> Unable to write cache file: F:\FBP\fullbasketproperty.com\application\cache/
ERROR - 2020-08-11 11:16:50 --> Unable to write cache file: F:\FBP\fullbasketproperty.com\application\cache/
ERROR - 2020-08-11 11:16:54 --> Unable to write cache file: F:\FBP\fullbasketproperty.com\application\cache/
ERROR - 2020-08-11 11:17:01 --> Unable to write cache file: F:\FBP\fullbasketproperty.com\application\cache/
ERROR - 2020-08-11 11:17:06 --> Unable to write cache file: F:\FBP\fullbasketproperty.com\application\cache/
ERROR - 2020-08-11 11:17:11 --> Unable to write cache file: F:\FBP\fullbasketproperty.com\application\cache/
ERROR - 2020-08-11 11:17:17 --> Unable to write cache file: F:\FBP\fullbasketproperty.com\application\cache/
ERROR - 2020-08-11 11:17:24 --> Unable to write cache file: F:\FBP\fullbasketproperty.com\application\cache/
ERROR - 2020-08-11 11:17:30 --> Unable to write cache file: F:\FBP\fullbasketproperty.com\application\cache/
ERROR - 2020-08-11 11:17:39 --> Unable to write cache file: F:\FBP\fullbasketproperty.com\application\cache/
ERROR - 2020-08-11 11:17:45 --> Unable to write cache file: F:\FBP\fullbasketproperty.com\application\cache/
ERROR - 2020-08-11 11:17:54 --> Unable to write cache file: F:\FBP\fullbasketproperty.com\application\cache/
ERROR - 2020-08-11 11:18:00 --> Unable to write cache file: F:\FBP\fullbasketproperty.com\application\cache/
ERROR - 2020-08-11 11:18:09 --> Unable to write cache file: F:\FBP\fullbasketproperty.com\application\cache/
ERROR - 2020-08-11 11:18:19 --> Unable to write cache file: F:\FBP\fullbasketproperty.com\application\cache/
ERROR - 2020-08-11 11:18:29 --> Unable to write cache file: F:\FBP\fullbasketproperty.com\application\cache/
ERROR - 2020-08-11 11:18:39 --> Unable to write cache file: F:\FBP\fullbasketproperty.com\application\cache/
ERROR - 2020-08-11 12:05:35 --> Unable to write cache file: F:\FBP\fullbasketproperty.com\application\cache/
ERROR - 2020-08-11 12:05:46 --> Unable to write cache file: F:\FBP\fullbasketproperty.com\application\cache/
ERROR - 2020-08-11 12:05:51 --> Unable to write cache file: F:\FBP\fullbasketproperty.com\application\cache/
ERROR - 2020-08-11 12:05:56 --> Unable to write cache file: F:\FBP\fullbasketproperty.com\application\cache/
ERROR - 2020-08-11 12:06:02 --> Unable to write cache file: F:\FBP\fullbasketproperty.com\application\cache/
ERROR - 2020-08-11 12:06:06 --> Unable to write cache file: F:\FBP\fullbasketproperty.com\application\cache/
ERROR - 2020-08-11 12:06:11 --> Unable to write cache file: F:\FBP\fullbasketproperty.com\application\cache/
ERROR - 2020-08-11 12:06:15 --> Unable to write cache file: F:\FBP\fullbasketproperty.com\application\cache/
ERROR - 2020-08-11 12:06:19 --> Unable to write cache file: F:\FBP\fullbasketproperty.com\application\cache/
ERROR - 2020-08-11 12:06:24 --> Unable to write cache file: F:\FBP\fullbasketproperty.com\application\cache/
ERROR - 2020-08-11 12:06:28 --> Unable to write cache file: F:\FBP\fullbasketproperty.com\application\cache/
ERROR - 2020-08-11 12:06:32 --> Unable to write cache file: F:\FBP\fullbasketproperty.com\application\cache/
ERROR - 2020-08-11 12:06:36 --> Unable to write cache file: F:\FBP\fullbasketproperty.com\application\cache/
ERROR - 2020-08-11 12:06:40 --> Unable to write cache file: F:\FBP\fullbasketproperty.com\application\cache/
ERROR - 2020-08-11 12:06:44 --> Unable to write cache file: F:\FBP\fullbasketproperty.com\application\cache/
ERROR - 2020-08-11 12:06:48 --> Unable to write cache file: F:\FBP\fullbasketproperty.com\application\cache/
ERROR - 2020-08-11 12:06:53 --> Unable to write cache file: F:\FBP\fullbasketproperty.com\application\cache/
ERROR - 2020-08-11 12:06:57 --> Unable to write cache file: F:\FBP\fullbasketproperty.com\application\cache/
ERROR - 2020-08-11 12:07:01 --> Unable to write cache file: F:\FBP\fullbasketproperty.com\application\cache/
ERROR - 2020-08-11 12:07:06 --> Unable to write cache file: F:\FBP\fullbasketproperty.com\application\cache/
ERROR - 2020-08-11 12:07:11 --> Unable to write cache file: F:\FBP\fullbasketproperty.com\application\cache/
ERROR - 2020-08-11 12:07:17 --> Unable to write cache file: F:\FBP\fullbasketproperty.com\application\cache/
ERROR - 2020-08-11 12:07:22 --> Unable to write cache file: F:\FBP\fullbasketproperty.com\application\cache/
ERROR - 2020-08-11 12:07:28 --> Unable to write cache file: F:\FBP\fullbasketproperty.com\application\cache/
ERROR - 2020-08-11 12:07:33 --> Unable to write cache file: F:\FBP\fullbasketproperty.com\application\cache/
ERROR - 2020-08-11 12:07:37 --> Unable to write cache file: F:\FBP\fullbasketproperty.com\application\cache/
ERROR - 2020-08-11 12:07:42 --> Unable to write cache file: F:\FBP\fullbasketproperty.com\application\cache/
ERROR - 2020-08-11 12:07:46 --> Unable to write cache file: F:\FBP\fullbasketproperty.com\application\cache/
ERROR - 2020-08-11 12:07:50 --> Unable to write cache file: F:\FBP\fullbasketproperty.com\application\cache/
ERROR - 2020-08-11 12:07:54 --> Unable to write cache file: F:\FBP\fullbasketproperty.com\application\cache/
ERROR - 2020-08-11 12:07:59 --> Unable to write cache file: F:\FBP\fullbasketproperty.com\application\cache/
ERROR - 2020-08-11 12:08:03 --> Unable to write cache file: F:\FBP\fullbasketproperty.com\application\cache/
ERROR - 2020-08-11 12:08:07 --> Unable to write cache file: F:\FBP\fullbasketproperty.com\application\cache/
ERROR - 2020-08-11 12:08:11 --> Unable to write cache file: F:\FBP\fullbasketproperty.com\application\cache/
ERROR - 2020-08-11 12:08:16 --> Unable to write cache file: F:\FBP\fullbasketproperty.com\application\cache/
ERROR - 2020-08-11 12:08:20 --> Unable to write cache file: F:\FBP\fullbasketproperty.com\application\cache/
ERROR - 2020-08-11 12:08:24 --> Unable to write cache file: F:\FBP\fullbasketproperty.com\application\cache/
ERROR - 2020-08-11 12:08:28 --> Unable to write cache file: F:\FBP\fullbasketproperty.com\application\cache/
ERROR - 2020-08-11 12:08:32 --> Unable to write cache file: F:\FBP\fullbasketproperty.com\application\cache/
ERROR - 2020-08-11 12:08:36 --> Unable to write cache file: F:\FBP\fullbasketproperty.com\application\cache/
ERROR - 2020-08-11 12:08:40 --> Unable to write cache file: F:\FBP\fullbasketproperty.com\application\cache/
ERROR - 2020-08-11 12:08:45 --> Unable to write cache file: F:\FBP\fullbasketproperty.com\application\cache/
ERROR - 2020-08-11 12:08:49 --> Unable to write cache file: F:\FBP\fullbasketproperty.com\application\cache/
ERROR - 2020-08-11 12:08:53 --> Unable to write cache file: F:\FBP\fullbasketproperty.com\application\cache/
ERROR - 2020-08-11 12:08:57 --> Unable to write cache file: F:\FBP\fullbasketproperty.com\application\cache/
ERROR - 2020-08-11 12:09:02 --> Unable to write cache file: F:\FBP\fullbasketproperty.com\application\cache/
ERROR - 2020-08-11 12:09:06 --> Unable to write cache file: F:\FBP\fullbasketproperty.com\application\cache/
ERROR - 2020-08-11 12:09:10 --> Unable to write cache file: F:\FBP\fullbasketproperty.com\application\cache/
ERROR - 2020-08-11 12:09:14 --> Unable to write cache file: F:\FBP\fullbasketproperty.com\application\cache/
ERROR - 2020-08-11 12:09:18 --> Unable to write cache file: F:\FBP\fullbasketproperty.com\application\cache/
ERROR - 2020-08-11 12:09:22 --> Unable to write cache file: F:\FBP\fullbasketproperty.com\application\cache/
ERROR - 2020-08-11 12:09:27 --> Unable to write cache file: F:\FBP\fullbasketproperty.com\application\cache/
ERROR - 2020-08-11 12:01:30 --> Severity: Warning --> mysqli::real_connect(): (HY000/2002): No connection could be made because the target machine actively refused it.
 F:\FBP\fullbasketproperty.com\system\database\drivers\mysqli\mysqli_driver.php 201
ERROR - 2020-08-11 12:01:30 --> Unable to connect to the database
ERROR - 2020-08-11 15:31:47 --> Unable to write cache file: F:\FBP\fullbasketproperty.com\application\cache/
ERROR - 2020-08-11 15:32:04 --> Unable to write cache file: F:\FBP\fullbasketproperty.com\application\cache/
ERROR - 2020-08-11 15:32:12 --> Unable to write cache file: F:\FBP\fullbasketproperty.com\application\cache/
ERROR - 2020-08-11 15:32:22 --> Unable to write cache file: F:\FBP\fullbasketproperty.com\application\cache/
ERROR - 2020-08-11 15:32:30 --> Unable to write cache file: F:\FBP\fullbasketproperty.com\application\cache/
ERROR - 2020-08-11 15:32:36 --> Unable to write cache file: F:\FBP\fullbasketproperty.com\application\cache/
ERROR - 2020-08-11 15:32:41 --> Unable to write cache file: F:\FBP\fullbasketproperty.com\application\cache/
ERROR - 2020-08-11 15:32:48 --> Unable to write cache file: F:\FBP\fullbasketproperty.com\application\cache/
ERROR - 2020-08-11 15:32:53 --> Unable to write cache file: F:\FBP\fullbasketproperty.com\application\cache/
ERROR - 2020-08-11 15:32:59 --> Unable to write cache file: F:\FBP\fullbasketproperty.com\application\cache/
ERROR - 2020-08-11 15:33:04 --> Unable to write cache file: F:\FBP\fullbasketproperty.com\application\cache/
ERROR - 2020-08-11 15:33:09 --> Unable to write cache file: F:\FBP\fullbasketproperty.com\application\cache/
ERROR - 2020-08-11 15:33:15 --> Unable to write cache file: F:\FBP\fullbasketproperty.com\application\cache/
ERROR - 2020-08-11 15:33:20 --> Unable to write cache file: F:\FBP\fullbasketproperty.com\application\cache/
ERROR - 2020-08-11 15:33:27 --> Unable to write cache file: F:\FBP\fullbasketproperty.com\application\cache/
ERROR - 2020-08-11 15:33:35 --> Unable to write cache file: F:\FBP\fullbasketproperty.com\application\cache/
ERROR - 2020-08-11 15:33:43 --> Unable to write cache file: F:\FBP\fullbasketproperty.com\application\cache/
ERROR - 2020-08-11 15:33:49 --> Unable to write cache file: F:\FBP\fullbasketproperty.com\application\cache/
ERROR - 2020-08-11 15:33:54 --> Unable to write cache file: F:\FBP\fullbasketproperty.com\application\cache/
ERROR - 2020-08-11 15:33:59 --> Unable to write cache file: F:\FBP\fullbasketproperty.com\application\cache/
ERROR - 2020-08-11 15:34:03 --> Unable to write cache file: F:\FBP\fullbasketproperty.com\application\cache/
ERROR - 2020-08-11 15:34:09 --> Unable to write cache file: F:\FBP\fullbasketproperty.com\application\cache/
ERROR - 2020-08-11 15:34:14 --> Unable to write cache file: F:\FBP\fullbasketproperty.com\application\cache/
ERROR - 2020-08-11 15:34:20 --> Unable to write cache file: F:\FBP\fullbasketproperty.com\application\cache/
ERROR - 2020-08-11 15:34:26 --> Unable to write cache file: F:\FBP\fullbasketproperty.com\application\cache/
ERROR - 2020-08-11 15:34:32 --> Unable to write cache file: F:\FBP\fullbasketproperty.com\application\cache/
ERROR - 2020-08-11 15:34:37 --> Unable to write cache file: F:\FBP\fullbasketproperty.com\application\cache/
ERROR - 2020-08-11 15:34:43 --> Unable to write cache file: F:\FBP\fullbasketproperty.com\application\cache/
ERROR - 2020-08-11 15:34:48 --> Unable to write cache file: F:\FBP\fullbasketproperty.com\application\cache/
ERROR - 2020-08-11 15:34:53 --> Unable to write cache file: F:\FBP\fullbasketproperty.com\application\cache/
ERROR - 2020-08-11 15:34:58 --> Unable to write cache file: F:\FBP\fullbasketproperty.com\application\cache/
ERROR - 2020-08-11 15:35:03 --> Unable to write cache file: F:\FBP\fullbasketproperty.com\application\cache/
ERROR - 2020-08-11 15:35:08 --> Unable to write cache file: F:\FBP\fullbasketproperty.com\application\cache/
ERROR - 2020-08-11 15:35:13 --> Unable to write cache file: F:\FBP\fullbasketproperty.com\application\cache/
ERROR - 2020-08-11 15:35:22 --> Unable to write cache file: F:\FBP\fullbasketproperty.com\application\cache/
ERROR - 2020-08-11 15:35:29 --> Unable to write cache file: F:\FBP\fullbasketproperty.com\application\cache/
ERROR - 2020-08-11 15:35:35 --> Unable to write cache file: F:\FBP\fullbasketproperty.com\application\cache/
ERROR - 2020-08-11 15:35:42 --> Unable to write cache file: F:\FBP\fullbasketproperty.com\application\cache/
ERROR - 2020-08-11 15:35:46 --> Unable to write cache file: F:\FBP\fullbasketproperty.com\application\cache/
ERROR - 2020-08-11 15:35:51 --> Unable to write cache file: F:\FBP\fullbasketproperty.com\application\cache/
ERROR - 2020-08-11 15:35:56 --> Unable to write cache file: F:\FBP\fullbasketproperty.com\application\cache/
ERROR - 2020-08-11 15:36:01 --> Unable to write cache file: F:\FBP\fullbasketproperty.com\application\cache/
ERROR - 2020-08-11 15:36:07 --> Unable to write cache file: F:\FBP\fullbasketproperty.com\application\cache/
ERROR - 2020-08-11 15:36:11 --> Unable to write cache file: F:\FBP\fullbasketproperty.com\application\cache/
ERROR - 2020-08-11 15:36:16 --> Unable to write cache file: F:\FBP\fullbasketproperty.com\application\cache/
ERROR - 2020-08-11 15:36:21 --> Unable to write cache file: F:\FBP\fullbasketproperty.com\application\cache/
ERROR - 2020-08-11 15:36:27 --> Unable to write cache file: F:\FBP\fullbasketproperty.com\application\cache/
ERROR - 2020-08-11 15:36:32 --> Unable to write cache file: F:\FBP\fullbasketproperty.com\application\cache/
ERROR - 2020-08-11 15:36:38 --> Unable to write cache file: F:\FBP\fullbasketproperty.com\application\cache/
ERROR - 2020-08-11 15:36:46 --> Unable to write cache file: F:\FBP\fullbasketproperty.com\application\cache/
ERROR - 2020-08-11 15:36:46 --> Unable to write cache file: F:\FBP\fullbasketproperty.com\application\cache/
ERROR - 2020-08-11 15:36:55 --> Unable to write cache file: F:\FBP\fullbasketproperty.com\application\cache/
ERROR - 2020-08-11 15:37:00 --> Unable to write cache file: F:\FBP\fullbasketproperty.com\application\cache/
ERROR - 2020-08-11 15:52:15 --> Unable to write cache file: F:\FBP\fullbasketproperty.com\application\cache/
ERROR - 2020-08-11 15:52:22 --> Unable to write cache file: F:\FBP\fullbasketproperty.com\application\cache/
ERROR - 2020-08-11 15:52:26 --> Unable to write cache file: F:\FBP\fullbasketproperty.com\application\cache/
ERROR - 2020-08-11 15:52:32 --> Unable to write cache file: F:\FBP\fullbasketproperty.com\application\cache/
ERROR - 2020-08-11 15:52:39 --> Unable to write cache file: F:\FBP\fullbasketproperty.com\application\cache/
ERROR - 2020-08-11 15:52:46 --> Unable to write cache file: F:\FBP\fullbasketproperty.com\application\cache/
ERROR - 2020-08-11 15:52:54 --> Unable to write cache file: F:\FBP\fullbasketproperty.com\application\cache/
ERROR - 2020-08-11 15:53:01 --> Unable to write cache file: F:\FBP\fullbasketproperty.com\application\cache/
ERROR - 2020-08-11 15:53:07 --> Unable to write cache file: F:\FBP\fullbasketproperty.com\application\cache/
ERROR - 2020-08-11 15:53:13 --> Unable to write cache file: F:\FBP\fullbasketproperty.com\application\cache/
ERROR - 2020-08-11 15:53:17 --> Unable to write cache file: F:\FBP\fullbasketproperty.com\application\cache/
ERROR - 2020-08-11 16:06:37 --> Unable to write cache file: F:\FBP\fullbasketproperty.com\application\cache/
ERROR - 2020-08-11 16:06:47 --> Unable to write cache file: F:\FBP\fullbasketproperty.com\application\cache/
ERROR - 2020-08-11 16:06:54 --> Unable to write cache file: F:\FBP\fullbasketproperty.com\application\cache/
ERROR - 2020-08-11 16:07:04 --> Unable to write cache file: F:\FBP\fullbasketproperty.com\application\cache/
ERROR - 2020-08-11 19:10:45 --> Unable to write cache file: F:\FBP\fullbasketproperty.com\application\cache/
ERROR - 2020-08-11 19:10:57 --> Unable to write cache file: F:\FBP\fullbasketproperty.com\application\cache/
ERROR - 2020-08-11 19:11:02 --> Unable to write cache file: F:\FBP\fullbasketproperty.com\application\cache/
ERROR - 2020-08-11 19:11:11 --> Unable to write cache file: F:\FBP\fullbasketproperty.com\application\cache/
ERROR - 2020-08-11 19:14:38 --> Unable to write cache file: F:\FBP\fullbasketproperty.com\application\cache/
ERROR - 2020-08-11 19:14:46 --> Unable to write cache file: F:\FBP\fullbasketproperty.com\application\cache/
ERROR - 2020-08-11 19:14:53 --> Unable to write cache file: F:\FBP\fullbasketproperty.com\application\cache/
ERROR - 2020-08-11 19:15:45 --> Unable to write cache file: F:\FBP\fullbasketproperty.com\application\cache/
ERROR - 2020-08-11 19:16:27 --> Unable to write cache file: F:\FBP\fullbasketproperty.com\application\cache/
ERROR - 2020-08-11 19:17:51 --> Unable to write cache file: F:\FBP\fullbasketproperty.com\application\cache/
ERROR - 2020-08-11 19:18:08 --> Unable to write cache file: F:\FBP\fullbasketproperty.com\application\cache/
ERROR - 2020-08-11 19:18:17 --> Unable to write cache file: F:\FBP\fullbasketproperty.com\application\cache/
ERROR - 2020-08-11 19:18:48 --> Unable to write cache file: F:\FBP\fullbasketproperty.com\application\cache/
ERROR - 2020-08-11 19:18:57 --> Unable to write cache file: F:\FBP\fullbasketproperty.com\application\cache/
ERROR - 2020-08-11 19:19:23 --> Unable to write cache file: F:\FBP\fullbasketproperty.com\application\cache/
ERROR - 2020-08-11 19:22:46 --> Unable to write cache file: F:\FBP\fullbasketproperty.com\application\cache/
ERROR - 2020-08-11 19:22:57 --> Unable to write cache file: F:\FBP\fullbasketproperty.com\application\cache/
ERROR - 2020-08-11 19:23:16 --> Unable to write cache file: F:\FBP\fullbasketproperty.com\application\cache/
ERROR - 2020-08-11 19:24:04 --> Unable to write cache file: F:\FBP\fullbasketproperty.com\application\cache/
ERROR - 2020-08-11 19:24:15 --> Unable to write cache file: F:\FBP\fullbasketproperty.com\application\cache/
ERROR - 2020-08-11 19:24:36 --> Unable to write cache file: F:\FBP\fullbasketproperty.com\application\cache/
ERROR - 2020-08-11 19:26:21 --> Unable to write cache file: F:\FBP\fullbasketproperty.com\application\cache/
ERROR - 2020-08-11 19:37:05 --> Unable to write cache file: F:\FBP\fullbasketproperty.com\application\cache/
ERROR - 2020-08-11 19:39:18 --> Unable to write cache file: F:\FBP\fullbasketproperty.com\application\cache/
ERROR - 2020-08-11 19:41:13 --> Unable to write cache file: F:\FBP\fullbasketproperty.com\application\cache/
ERROR - 2020-08-11 19:41:19 --> Unable to write cache file: F:\FBP\fullbasketproperty.com\application\cache/
ERROR - 2020-08-11 19:41:25 --> Unable to write cache file: F:\FBP\fullbasketproperty.com\application\cache/
ERROR - 2020-08-11 19:41:32 --> Unable to write cache file: F:\FBP\fullbasketproperty.com\application\cache/
ERROR - 2020-08-11 19:42:25 --> Unable to write cache file: F:\FBP\fullbasketproperty.com\application\cache/
ERROR - 2020-08-11 19:42:53 --> Unable to write cache file: F:\FBP\fullbasketproperty.com\application\cache/
ERROR - 2020-08-11 19:43:05 --> Unable to write cache file: F:\FBP\fullbasketproperty.com\application\cache/
ERROR - 2020-08-11 19:43:12 --> Unable to write cache file: F:\FBP\fullbasketproperty.com\application\cache/
ERROR - 2020-08-11 19:43:38 --> Unable to write cache file: F:\FBP\fullbasketproperty.com\application\cache/
ERROR - 2020-08-11 19:43:46 --> Unable to write cache file: F:\FBP\fullbasketproperty.com\application\cache/
ERROR - 2020-08-11 19:44:22 --> Severity: Warning --> Invalid argument supplied for foreach() F:\FBP\fullbasketproperty.com\application\views\header.php 80
ERROR - 2020-08-11 19:44:22 --> Severity: Warning --> Invalid argument supplied for foreach() F:\FBP\fullbasketproperty.com\application\views\header.php 145
ERROR - 2020-08-11 19:44:22 --> Severity: Warning --> Invalid argument supplied for foreach() F:\FBP\fullbasketproperty.com\application\views\header.php 80
ERROR - 2020-08-11 19:44:22 --> Severity: Warning --> Invalid argument supplied for foreach() F:\FBP\fullbasketproperty.com\application\views\header.php 145
ERROR - 2020-08-11 19:44:37 --> Unable to write cache file: F:\FBP\fullbasketproperty.com\application\cache/
ERROR - 2020-08-11 19:44:41 --> Unable to write cache file: F:\FBP\fullbasketproperty.com\application\cache/
ERROR - 2020-08-11 19:45:25 --> Unable to write cache file: F:\FBP\fullbasketproperty.com\application\cache/
ERROR - 2020-08-11 19:45:39 --> Severity: Warning --> Invalid argument supplied for foreach() F:\FBP\fullbasketproperty.com\application\views\header.php 80
ERROR - 2020-08-11 19:45:39 --> Severity: Warning --> Invalid argument supplied for foreach() F:\FBP\fullbasketproperty.com\application\views\header.php 145
ERROR - 2020-08-11 19:45:49 --> Unable to write cache file: F:\FBP\fullbasketproperty.com\application\cache/
ERROR - 2020-08-11 19:50:21 --> Severity: Warning --> Invalid argument supplied for foreach() F:\FBP\fullbasketproperty.com\application\views\header.php 80
ERROR - 2020-08-11 19:50:21 --> Severity: Warning --> Invalid argument supplied for foreach() F:\FBP\fullbasketproperty.com\application\views\header.php 145
ERROR - 2020-08-11 19:50:32 --> Unable to write cache file: F:\FBP\fullbasketproperty.com\application\cache/
ERROR - 2020-08-11 20:02:24 --> Severity: Warning --> Invalid argument supplied for foreach() F:\FBP\fullbasketproperty.com\application\views\header.php 80
ERROR - 2020-08-11 20:02:24 --> Severity: Warning --> Invalid argument supplied for foreach() F:\FBP\fullbasketproperty.com\application\views\header.php 145
ERROR - 2020-08-11 20:02:34 --> Unable to write cache file: F:\FBP\fullbasketproperty.com\application\cache/
ERROR - 2020-08-11 20:03:00 --> Unable to write cache file: F:\FBP\fullbasketproperty.com\application\cache/
ERROR - 2020-08-11 20:03:18 --> Unable to write cache file: F:\FBP\fullbasketproperty.com\application\cache/
ERROR - 2020-08-11 20:03:23 --> Unable to write cache file: F:\FBP\fullbasketproperty.com\application\cache/
ERROR - 2020-08-11 20:03:28 --> Unable to write cache file: F:\FBP\fullbasketproperty.com\application\cache/
ERROR - 2020-08-11 20:03:32 --> Unable to write cache file: F:\FBP\fullbasketproperty.com\application\cache/
ERROR - 2020-08-11 20:03:38 --> Unable to write cache file: F:\FBP\fullbasketproperty.com\application\cache/
ERROR - 2020-08-11 20:03:42 --> Unable to write cache file: F:\FBP\fullbasketproperty.com\application\cache/
ERROR - 2020-08-11 20:03:46 --> Unable to write cache file: F:\FBP\fullbasketproperty.com\application\cache/
ERROR - 2020-08-11 20:03:50 --> Unable to write cache file: F:\FBP\fullbasketproperty.com\application\cache/
ERROR - 2020-08-11 20:03:54 --> Unable to write cache file: F:\FBP\fullbasketproperty.com\application\cache/
ERROR - 2020-08-11 20:03:58 --> Unable to write cache file: F:\FBP\fullbasketproperty.com\application\cache/
ERROR - 2020-08-11 20:04:03 --> Unable to write cache file: F:\FBP\fullbasketproperty.com\application\cache/
ERROR - 2020-08-11 20:04:08 --> Unable to write cache file: F:\FBP\fullbasketproperty.com\application\cache/
ERROR - 2020-08-11 20:04:14 --> Unable to write cache file: F:\FBP\fullbasketproperty.com\application\cache/
ERROR - 2020-08-11 20:04:19 --> Unable to write cache file: F:\FBP\fullbasketproperty.com\application\cache/
ERROR - 2020-08-11 20:04:28 --> Unable to write cache file: F:\FBP\fullbasketproperty.com\application\cache/
ERROR - 2020-08-11 20:04:33 --> Unable to write cache file: F:\FBP\fullbasketproperty.com\application\cache/
ERROR - 2020-08-11 20:04:38 --> Unable to write cache file: F:\FBP\fullbasketproperty.com\application\cache/
ERROR - 2020-08-11 20:04:42 --> Unable to write cache file: F:\FBP\fullbasketproperty.com\application\cache/
ERROR - 2020-08-11 20:04:47 --> Unable to write cache file: F:\FBP\fullbasketproperty.com\application\cache/
ERROR - 2020-08-11 20:04:51 --> Unable to write cache file: F:\FBP\fullbasketproperty.com\application\cache/
ERROR - 2020-08-11 20:04:55 --> Unable to write cache file: F:\FBP\fullbasketproperty.com\application\cache/
ERROR - 2020-08-11 20:05:00 --> Unable to write cache file: F:\FBP\fullbasketproperty.com\application\cache/
ERROR - 2020-08-11 20:05:05 --> Unable to write cache file: F:\FBP\fullbasketproperty.com\application\cache/
ERROR - 2020-08-11 20:05:11 --> Unable to write cache file: F:\FBP\fullbasketproperty.com\application\cache/
ERROR - 2020-08-11 20:05:16 --> Unable to write cache file: F:\FBP\fullbasketproperty.com\application\cache/
ERROR - 2020-08-11 20:05:25 --> Unable to write cache file: F:\FBP\fullbasketproperty.com\application\cache/
ERROR - 2020-08-11 20:05:31 --> Unable to write cache file: F:\FBP\fullbasketproperty.com\application\cache/
ERROR - 2020-08-11 20:05:36 --> Unable to write cache file: F:\FBP\fullbasketproperty.com\application\cache/
ERROR - 2020-08-11 20:05:41 --> Unable to write cache file: F:\FBP\fullbasketproperty.com\application\cache/
ERROR - 2020-08-11 20:05:47 --> Unable to write cache file: F:\FBP\fullbasketproperty.com\application\cache/
ERROR - 2020-08-11 20:05:52 --> Unable to write cache file: F:\FBP\fullbasketproperty.com\application\cache/
ERROR - 2020-08-11 20:05:56 --> Unable to write cache file: F:\FBP\fullbasketproperty.com\application\cache/
ERROR - 2020-08-11 20:06:01 --> Unable to write cache file: F:\FBP\fullbasketproperty.com\application\cache/
ERROR - 2020-08-11 20:06:07 --> Unable to write cache file: F:\FBP\fullbasketproperty.com\application\cache/
ERROR - 2020-08-11 20:06:12 --> Unable to write cache file: F:\FBP\fullbasketproperty.com\application\cache/
ERROR - 2020-08-11 20:06:18 --> Unable to write cache file: F:\FBP\fullbasketproperty.com\application\cache/
ERROR - 2020-08-11 20:06:23 --> Unable to write cache file: F:\FBP\fullbasketproperty.com\application\cache/
ERROR - 2020-08-11 20:06:28 --> Unable to write cache file: F:\FBP\fullbasketproperty.com\application\cache/
ERROR - 2020-08-11 20:06:32 --> Unable to write cache file: F:\FBP\fullbasketproperty.com\application\cache/
ERROR - 2020-08-11 20:06:37 --> Unable to write cache file: F:\FBP\fullbasketproperty.com\application\cache/
ERROR - 2020-08-11 20:06:42 --> Unable to write cache file: F:\FBP\fullbasketproperty.com\application\cache/
ERROR - 2020-08-11 20:06:47 --> Unable to write cache file: F:\FBP\fullbasketproperty.com\application\cache/
ERROR - 2020-08-11 20:06:51 --> Unable to write cache file: F:\FBP\fullbasketproperty.com\application\cache/
ERROR - 2020-08-11 20:06:56 --> Unable to write cache file: F:\FBP\fullbasketproperty.com\application\cache/
ERROR - 2020-08-11 20:07:01 --> Unable to write cache file: F:\FBP\fullbasketproperty.com\application\cache/
ERROR - 2020-08-11 20:07:06 --> Unable to write cache file: F:\FBP\fullbasketproperty.com\application\cache/
ERROR - 2020-08-11 20:07:11 --> Unable to write cache file: F:\FBP\fullbasketproperty.com\application\cache/
ERROR - 2020-08-11 20:07:15 --> Unable to write cache file: F:\FBP\fullbasketproperty.com\application\cache/
ERROR - 2020-08-11 20:07:21 --> Unable to write cache file: F:\FBP\fullbasketproperty.com\application\cache/
ERROR - 2020-08-11 20:07:25 --> Unable to write cache file: F:\FBP\fullbasketproperty.com\application\cache/
ERROR - 2020-08-11 20:07:30 --> Unable to write cache file: F:\FBP\fullbasketproperty.com\application\cache/
ERROR - 2020-08-11 20:07:35 --> Unable to write cache file: F:\FBP\fullbasketproperty.com\application\cache/
