ERROR - 2020-08-08 00:19:47 --> Unable to write cache file: F:\FBP\fullbasketproperty.com\application\cache/
ERROR - 2020-08-08 00:20:01 --> Unable to write cache file: F:\FBP\fullbasketproperty.com\application\cache/
ERROR - 2020-08-08 00:20:11 --> Unable to write cache file: F:\FBP\fullbasketproperty.com\application\cache/
ERROR - 2020-08-08 00:20:24 --> Unable to write cache file: F:\FBP\fullbasketproperty.com\application\cache/
ERROR - 2020-08-08 00:20:36 --> Unable to write cache file: F:\FBP\fullbasketproperty.com\application\cache/
ERROR - 2020-08-08 00:20:46 --> Unable to write cache file: F:\FBP\fullbasketproperty.com\application\cache/
ERROR - 2020-08-08 00:20:59 --> Unable to write cache file: F:\FBP\fullbasketproperty.com\application\cache/
ERROR - 2020-08-08 00:21:06 --> Unable to write cache file: F:\FBP\fullbasketproperty.com\application\cache/
ERROR - 2020-08-08 00:21:16 --> Unable to write cache file: F:\FBP\fullbasketproperty.com\application\cache/
ERROR - 2020-08-08 00:21:23 --> Unable to write cache file: F:\FBP\fullbasketproperty.com\application\cache/
ERROR - 2020-08-08 00:21:31 --> Unable to write cache file: F:\FBP\fullbasketproperty.com\application\cache/
ERROR - 2020-08-08 00:21:39 --> Unable to write cache file: F:\FBP\fullbasketproperty.com\application\cache/
ERROR - 2020-08-08 00:21:46 --> Unable to write cache file: F:\FBP\fullbasketproperty.com\application\cache/
ERROR - 2020-08-08 00:21:53 --> Unable to write cache file: F:\FBP\fullbasketproperty.com\application\cache/
ERROR - 2020-08-08 00:22:00 --> Unable to write cache file: F:\FBP\fullbasketproperty.com\application\cache/
ERROR - 2020-08-08 00:22:07 --> Unable to write cache file: F:\FBP\fullbasketproperty.com\application\cache/
ERROR - 2020-08-08 00:22:15 --> Unable to write cache file: F:\FBP\fullbasketproperty.com\application\cache/
ERROR - 2020-08-08 00:22:21 --> Unable to write cache file: F:\FBP\fullbasketproperty.com\application\cache/
ERROR - 2020-08-08 00:22:28 --> Unable to write cache file: F:\FBP\fullbasketproperty.com\application\cache/
ERROR - 2020-08-08 00:22:37 --> Unable to write cache file: F:\FBP\fullbasketproperty.com\application\cache/
ERROR - 2020-08-08 00:22:47 --> Unable to write cache file: F:\FBP\fullbasketproperty.com\application\cache/
ERROR - 2020-08-08 00:22:56 --> Unable to write cache file: F:\FBP\fullbasketproperty.com\application\cache/
ERROR - 2020-08-08 00:23:03 --> Unable to write cache file: F:\FBP\fullbasketproperty.com\application\cache/
ERROR - 2020-08-08 00:23:12 --> Unable to write cache file: F:\FBP\fullbasketproperty.com\application\cache/
ERROR - 2020-08-08 00:23:20 --> Unable to write cache file: F:\FBP\fullbasketproperty.com\application\cache/
ERROR - 2020-08-08 00:23:27 --> Unable to write cache file: F:\FBP\fullbasketproperty.com\application\cache/
ERROR - 2020-08-08 00:23:35 --> Unable to write cache file: F:\FBP\fullbasketproperty.com\application\cache/
ERROR - 2020-08-08 00:23:43 --> Unable to write cache file: F:\FBP\fullbasketproperty.com\application\cache/
ERROR - 2020-08-08 00:23:51 --> Unable to write cache file: F:\FBP\fullbasketproperty.com\application\cache/
ERROR - 2020-08-08 00:23:59 --> Unable to write cache file: F:\FBP\fullbasketproperty.com\application\cache/
ERROR - 2020-08-08 00:24:08 --> Unable to write cache file: F:\FBP\fullbasketproperty.com\application\cache/
ERROR - 2020-08-08 00:24:15 --> Unable to write cache file: F:\FBP\fullbasketproperty.com\application\cache/
ERROR - 2020-08-08 00:24:33 --> Unable to write cache file: F:\FBP\fullbasketproperty.com\application\cache/
ERROR - 2020-08-08 00:24:49 --> Unable to write cache file: F:\FBP\fullbasketproperty.com\application\cache/
ERROR - 2020-08-08 00:24:49 --> Unable to write cache file: F:\FBP\fullbasketproperty.com\application\cache/
ERROR - 2020-08-08 00:24:59 --> Unable to write cache file: F:\FBP\fullbasketproperty.com\application\cache/
ERROR - 2020-08-08 00:25:03 --> Unable to write cache file: F:\FBP\fullbasketproperty.com\application\cache/
ERROR - 2020-08-08 00:25:08 --> Unable to write cache file: F:\FBP\fullbasketproperty.com\application\cache/
ERROR - 2020-08-08 00:25:12 --> Unable to write cache file: F:\FBP\fullbasketproperty.com\application\cache/
ERROR - 2020-08-08 00:25:18 --> Unable to write cache file: F:\FBP\fullbasketproperty.com\application\cache/
ERROR - 2020-08-08 00:25:21 --> Unable to write cache file: F:\FBP\fullbasketproperty.com\application\cache/
ERROR - 2020-08-08 00:25:26 --> Unable to write cache file: F:\FBP\fullbasketproperty.com\application\cache/
ERROR - 2020-08-08 00:25:31 --> Unable to write cache file: F:\FBP\fullbasketproperty.com\application\cache/
ERROR - 2020-08-08 00:25:37 --> Unable to write cache file: F:\FBP\fullbasketproperty.com\application\cache/
ERROR - 2020-08-08 00:25:43 --> Unable to write cache file: F:\FBP\fullbasketproperty.com\application\cache/
ERROR - 2020-08-08 11:54:50 --> Unable to write cache file: F:\FBP\fullbasketproperty.com\application\cache/
ERROR - 2020-08-08 11:54:59 --> Unable to write cache file: F:\FBP\fullbasketproperty.com\application\cache/
ERROR - 2020-08-08 11:55:04 --> Unable to write cache file: F:\FBP\fullbasketproperty.com\application\cache/
ERROR - 2020-08-08 11:55:08 --> Unable to write cache file: F:\FBP\fullbasketproperty.com\application\cache/
ERROR - 2020-08-08 11:55:13 --> Unable to write cache file: F:\FBP\fullbasketproperty.com\application\cache/
ERROR - 2020-08-08 11:55:17 --> Unable to write cache file: F:\FBP\fullbasketproperty.com\application\cache/
ERROR - 2020-08-08 11:55:23 --> Unable to write cache file: F:\FBP\fullbasketproperty.com\application\cache/
ERROR - 2020-08-08 11:55:29 --> Unable to write cache file: F:\FBP\fullbasketproperty.com\application\cache/
ERROR - 2020-08-08 11:55:34 --> Unable to write cache file: F:\FBP\fullbasketproperty.com\application\cache/
ERROR - 2020-08-08 11:55:39 --> Unable to write cache file: F:\FBP\fullbasketproperty.com\application\cache/
ERROR - 2020-08-08 11:55:54 --> Unable to write cache file: F:\FBP\fullbasketproperty.com\application\cache/
ERROR - 2020-08-08 11:55:58 --> Unable to write cache file: F:\FBP\fullbasketproperty.com\application\cache/
ERROR - 2020-08-08 11:56:02 --> Unable to write cache file: F:\FBP\fullbasketproperty.com\application\cache/
ERROR - 2020-08-08 11:56:06 --> Unable to write cache file: F:\FBP\fullbasketproperty.com\application\cache/
ERROR - 2020-08-08 11:56:11 --> Unable to write cache file: F:\FBP\fullbasketproperty.com\application\cache/
ERROR - 2020-08-08 11:56:26 --> Unable to write cache file: F:\FBP\fullbasketproperty.com\application\cache/
ERROR - 2020-08-08 12:03:16 --> Unable to write cache file: F:\FBP\fullbasketproperty.com\application\cache/
ERROR - 2020-08-08 12:03:25 --> Unable to write cache file: F:\FBP\fullbasketproperty.com\application\cache/
ERROR - 2020-08-08 12:03:35 --> Unable to write cache file: F:\FBP\fullbasketproperty.com\application\cache/
ERROR - 2020-08-08 12:03:42 --> Unable to write cache file: F:\FBP\fullbasketproperty.com\application\cache/
ERROR - 2020-08-08 12:03:47 --> Unable to write cache file: F:\FBP\fullbasketproperty.com\application\cache/
ERROR - 2020-08-08 12:03:53 --> Unable to write cache file: F:\FBP\fullbasketproperty.com\application\cache/
ERROR - 2020-08-08 12:04:04 --> Unable to write cache file: F:\FBP\fullbasketproperty.com\application\cache/
ERROR - 2020-08-08 12:04:11 --> Unable to write cache file: F:\FBP\fullbasketproperty.com\application\cache/
ERROR - 2020-08-08 12:04:24 --> Unable to write cache file: F:\FBP\fullbasketproperty.com\application\cache/
ERROR - 2020-08-08 12:04:33 --> Unable to write cache file: F:\FBP\fullbasketproperty.com\application\cache/
ERROR - 2020-08-08 12:04:42 --> Unable to write cache file: F:\FBP\fullbasketproperty.com\application\cache/
ERROR - 2020-08-08 12:04:51 --> Unable to write cache file: F:\FBP\fullbasketproperty.com\application\cache/
ERROR - 2020-08-08 12:04:58 --> Unable to write cache file: F:\FBP\fullbasketproperty.com\application\cache/
ERROR - 2020-08-08 12:05:04 --> Unable to write cache file: F:\FBP\fullbasketproperty.com\application\cache/
ERROR - 2020-08-08 12:06:50 --> Unable to write cache file: F:\FBP\fullbasketproperty.com\application\cache/
ERROR - 2020-08-08 12:07:02 --> Unable to write cache file: F:\FBP\fullbasketproperty.com\application\cache/
ERROR - 2020-08-08 12:07:10 --> Unable to write cache file: F:\FBP\fullbasketproperty.com\application\cache/
ERROR - 2020-08-08 12:07:17 --> Unable to write cache file: F:\FBP\fullbasketproperty.com\application\cache/
ERROR - 2020-08-08 12:07:28 --> Unable to write cache file: F:\FBP\fullbasketproperty.com\application\cache/
ERROR - 2020-08-08 12:07:34 --> Unable to write cache file: F:\FBP\fullbasketproperty.com\application\cache/
ERROR - 2020-08-08 12:10:45 --> Unable to write cache file: F:\FBP\fullbasketproperty.com\application\cache/
ERROR - 2020-08-08 12:11:04 --> Unable to write cache file: F:\FBP\fullbasketproperty.com\application\cache/
ERROR - 2020-08-08 12:11:11 --> Unable to write cache file: F:\FBP\fullbasketproperty.com\application\cache/
ERROR - 2020-08-08 12:11:17 --> Unable to write cache file: F:\FBP\fullbasketproperty.com\application\cache/
ERROR - 2020-08-08 12:11:33 --> Unable to write cache file: F:\FBP\fullbasketproperty.com\application\cache/
ERROR - 2020-08-08 12:11:42 --> Unable to write cache file: F:\FBP\fullbasketproperty.com\application\cache/
ERROR - 2020-08-08 12:11:51 --> Unable to write cache file: F:\FBP\fullbasketproperty.com\application\cache/
ERROR - 2020-08-08 12:11:57 --> Unable to write cache file: F:\FBP\fullbasketproperty.com\application\cache/
ERROR - 2020-08-08 12:12:04 --> Unable to write cache file: F:\FBP\fullbasketproperty.com\application\cache/
ERROR - 2020-08-08 12:12:10 --> Unable to write cache file: F:\FBP\fullbasketproperty.com\application\cache/
ERROR - 2020-08-08 12:12:16 --> Unable to write cache file: F:\FBP\fullbasketproperty.com\application\cache/
ERROR - 2020-08-08 12:12:21 --> Unable to write cache file: F:\FBP\fullbasketproperty.com\application\cache/
ERROR - 2020-08-08 12:12:26 --> Unable to write cache file: F:\FBP\fullbasketproperty.com\application\cache/
ERROR - 2020-08-08 12:12:35 --> Unable to write cache file: F:\FBP\fullbasketproperty.com\application\cache/
ERROR - 2020-08-08 12:12:41 --> Unable to write cache file: F:\FBP\fullbasketproperty.com\application\cache/
ERROR - 2020-08-08 12:12:47 --> Unable to write cache file: F:\FBP\fullbasketproperty.com\application\cache/
ERROR - 2020-08-08 12:12:53 --> Unable to write cache file: F:\FBP\fullbasketproperty.com\application\cache/
ERROR - 2020-08-08 12:12:59 --> Unable to write cache file: F:\FBP\fullbasketproperty.com\application\cache/
ERROR - 2020-08-08 12:13:04 --> Unable to write cache file: F:\FBP\fullbasketproperty.com\application\cache/
ERROR - 2020-08-08 12:13:10 --> Unable to write cache file: F:\FBP\fullbasketproperty.com\application\cache/
ERROR - 2020-08-08 12:13:14 --> Unable to write cache file: F:\FBP\fullbasketproperty.com\application\cache/
ERROR - 2020-08-08 12:13:19 --> Unable to write cache file: F:\FBP\fullbasketproperty.com\application\cache/
ERROR - 2020-08-08 12:13:28 --> Unable to write cache file: F:\FBP\fullbasketproperty.com\application\cache/
ERROR - 2020-08-08 12:13:34 --> Unable to write cache file: F:\FBP\fullbasketproperty.com\application\cache/
ERROR - 2020-08-08 12:13:39 --> Unable to write cache file: F:\FBP\fullbasketproperty.com\application\cache/
ERROR - 2020-08-08 12:13:45 --> Unable to write cache file: F:\FBP\fullbasketproperty.com\application\cache/
ERROR - 2020-08-08 12:13:50 --> Unable to write cache file: F:\FBP\fullbasketproperty.com\application\cache/
ERROR - 2020-08-08 12:13:55 --> Unable to write cache file: F:\FBP\fullbasketproperty.com\application\cache/
ERROR - 2020-08-08 12:14:01 --> Unable to write cache file: F:\FBP\fullbasketproperty.com\application\cache/
ERROR - 2020-08-08 12:14:06 --> Unable to write cache file: F:\FBP\fullbasketproperty.com\application\cache/
ERROR - 2020-08-08 12:14:11 --> Unable to write cache file: F:\FBP\fullbasketproperty.com\application\cache/
ERROR - 2020-08-08 12:14:16 --> Unable to write cache file: F:\FBP\fullbasketproperty.com\application\cache/
ERROR - 2020-08-08 12:14:21 --> Unable to write cache file: F:\FBP\fullbasketproperty.com\application\cache/
ERROR - 2020-08-08 12:14:26 --> Unable to write cache file: F:\FBP\fullbasketproperty.com\application\cache/
ERROR - 2020-08-08 12:42:03 --> Unable to write cache file: F:\FBP\fullbasketproperty.com\application\cache/
ERROR - 2020-08-08 12:42:12 --> Unable to write cache file: F:\FBP\fullbasketproperty.com\application\cache/
ERROR - 2020-08-08 12:42:21 --> Unable to write cache file: F:\FBP\fullbasketproperty.com\application\cache/
ERROR - 2020-08-08 12:42:30 --> Unable to write cache file: F:\FBP\fullbasketproperty.com\application\cache/
ERROR - 2020-08-08 12:42:41 --> Unable to write cache file: F:\FBP\fullbasketproperty.com\application\cache/
ERROR - 2020-08-08 12:42:48 --> Unable to write cache file: F:\FBP\fullbasketproperty.com\application\cache/
ERROR - 2020-08-08 12:51:39 --> Unable to write cache file: F:\FBP\fullbasketproperty.com\application\cache/
ERROR - 2020-08-08 12:51:57 --> Unable to write cache file: F:\FBP\fullbasketproperty.com\application\cache/
ERROR - 2020-08-08 12:52:15 --> Unable to write cache file: F:\FBP\fullbasketproperty.com\application\cache/
ERROR - 2020-08-08 12:52:31 --> Unable to write cache file: F:\FBP\fullbasketproperty.com\application\cache/
ERROR - 2020-08-08 12:52:44 --> Unable to write cache file: F:\FBP\fullbasketproperty.com\application\cache/
ERROR - 2020-08-08 12:52:58 --> Unable to write cache file: F:\FBP\fullbasketproperty.com\application\cache/
ERROR - 2020-08-08 13:06:00 --> Unable to write cache file: F:\FBP\fullbasketproperty.com\application\cache/
ERROR - 2020-08-08 13:06:11 --> Unable to write cache file: F:\FBP\fullbasketproperty.com\application\cache/
ERROR - 2020-08-08 13:06:51 --> Unable to write cache file: F:\FBP\fullbasketproperty.com\application\cache/
ERROR - 2020-08-08 13:07:59 --> Unable to write cache file: F:\FBP\fullbasketproperty.com\application\cache/
ERROR - 2020-08-08 13:08:36 --> Unable to write cache file: F:\FBP\fullbasketproperty.com\application\cache/
ERROR - 2020-08-08 13:09:04 --> Unable to write cache file: F:\FBP\fullbasketproperty.com\application\cache/
ERROR - 2020-08-08 13:09:13 --> Unable to write cache file: F:\FBP\fullbasketproperty.com\application\cache/
ERROR - 2020-08-08 13:09:23 --> Unable to write cache file: F:\FBP\fullbasketproperty.com\application\cache/
ERROR - 2020-08-08 13:09:32 --> Unable to write cache file: F:\FBP\fullbasketproperty.com\application\cache/
ERROR - 2020-08-08 13:09:53 --> Unable to write cache file: F:\FBP\fullbasketproperty.com\application\cache/
ERROR - 2020-08-08 13:10:03 --> Unable to write cache file: F:\FBP\fullbasketproperty.com\application\cache/
ERROR - 2020-08-08 13:10:13 --> Unable to write cache file: F:\FBP\fullbasketproperty.com\application\cache/
ERROR - 2020-08-08 13:10:39 --> Unable to write cache file: F:\FBP\fullbasketproperty.com\application\cache/
ERROR - 2020-08-08 13:14:00 --> Unable to write cache file: F:\FBP\fullbasketproperty.com\application\cache/
ERROR - 2020-08-08 13:14:10 --> Unable to write cache file: F:\FBP\fullbasketproperty.com\application\cache/
ERROR - 2020-08-08 13:14:26 --> Unable to write cache file: F:\FBP\fullbasketproperty.com\application\cache/
ERROR - 2020-08-08 13:19:55 --> Unable to write cache file: F:\FBP\fullbasketproperty.com\application\cache/
ERROR - 2020-08-08 13:20:05 --> Unable to write cache file: F:\FBP\fullbasketproperty.com\application\cache/
ERROR - 2020-08-08 13:20:16 --> Unable to write cache file: F:\FBP\fullbasketproperty.com\application\cache/
ERROR - 2020-08-08 13:20:35 --> Unable to write cache file: F:\FBP\fullbasketproperty.com\application\cache/
ERROR - 2020-08-08 13:20:44 --> Unable to write cache file: F:\FBP\fullbasketproperty.com\application\cache/
ERROR - 2020-08-08 13:20:58 --> Unable to write cache file: F:\FBP\fullbasketproperty.com\application\cache/
ERROR - 2020-08-08 13:21:14 --> Unable to write cache file: F:\FBP\fullbasketproperty.com\application\cache/
ERROR - 2020-08-08 13:21:23 --> Unable to write cache file: F:\FBP\fullbasketproperty.com\application\cache/
ERROR - 2020-08-08 13:22:22 --> Unable to write cache file: F:\FBP\fullbasketproperty.com\application\cache/
ERROR - 2020-08-08 13:22:37 --> Unable to write cache file: F:\FBP\fullbasketproperty.com\application\cache/
ERROR - 2020-08-08 13:22:46 --> Unable to write cache file: F:\FBP\fullbasketproperty.com\application\cache/
ERROR - 2020-08-08 13:23:48 --> Unable to write cache file: F:\FBP\fullbasketproperty.com\application\cache/
ERROR - 2020-08-08 13:28:49 --> Unable to write cache file: F:\FBP\fullbasketproperty.com\application\cache/
ERROR - 2020-08-08 13:29:15 --> Unable to write cache file: F:\FBP\fullbasketproperty.com\application\cache/
ERROR - 2020-08-08 13:29:41 --> Unable to write cache file: F:\FBP\fullbasketproperty.com\application\cache/
ERROR - 2020-08-08 13:29:52 --> Unable to write cache file: F:\FBP\fullbasketproperty.com\application\cache/
ERROR - 2020-08-08 13:30:13 --> Unable to write cache file: F:\FBP\fullbasketproperty.com\application\cache/
ERROR - 2020-08-08 13:30:23 --> Unable to write cache file: F:\FBP\fullbasketproperty.com\application\cache/
ERROR - 2020-08-08 13:30:34 --> Unable to write cache file: F:\FBP\fullbasketproperty.com\application\cache/
ERROR - 2020-08-08 13:31:36 --> Unable to write cache file: F:\FBP\fullbasketproperty.com\application\cache/
ERROR - 2020-08-08 13:31:55 --> Unable to write cache file: F:\FBP\fullbasketproperty.com\application\cache/
ERROR - 2020-08-08 13:32:14 --> Unable to write cache file: F:\FBP\fullbasketproperty.com\application\cache/
ERROR - 2020-08-08 13:32:22 --> Unable to write cache file: F:\FBP\fullbasketproperty.com\application\cache/
ERROR - 2020-08-08 13:32:31 --> Unable to write cache file: F:\FBP\fullbasketproperty.com\application\cache/
ERROR - 2020-08-08 13:32:50 --> Unable to write cache file: F:\FBP\fullbasketproperty.com\application\cache/
ERROR - 2020-08-08 13:32:59 --> Unable to write cache file: F:\FBP\fullbasketproperty.com\application\cache/
ERROR - 2020-08-08 13:33:14 --> Unable to write cache file: F:\FBP\fullbasketproperty.com\application\cache/
ERROR - 2020-08-08 13:33:24 --> Unable to write cache file: F:\FBP\fullbasketproperty.com\application\cache/
ERROR - 2020-08-08 13:33:33 --> Unable to write cache file: F:\FBP\fullbasketproperty.com\application\cache/
ERROR - 2020-08-08 13:33:45 --> Unable to write cache file: F:\FBP\fullbasketproperty.com\application\cache/
ERROR - 2020-08-08 13:33:55 --> Unable to write cache file: F:\FBP\fullbasketproperty.com\application\cache/
ERROR - 2020-08-08 13:33:55 --> Unable to write cache file: F:\FBP\fullbasketproperty.com\application\cache/
ERROR - 2020-08-08 13:34:07 --> Unable to write cache file: F:\FBP\fullbasketproperty.com\application\cache/
ERROR - 2020-08-08 13:34:19 --> Unable to write cache file: F:\FBP\fullbasketproperty.com\application\cache/
ERROR - 2020-08-08 13:34:28 --> Unable to write cache file: F:\FBP\fullbasketproperty.com\application\cache/
ERROR - 2020-08-08 13:34:38 --> Unable to write cache file: F:\FBP\fullbasketproperty.com\application\cache/
ERROR - 2020-08-08 13:35:09 --> Unable to write cache file: F:\FBP\fullbasketproperty.com\application\cache/
ERROR - 2020-08-08 13:35:31 --> Unable to write cache file: F:\FBP\fullbasketproperty.com\application\cache/
ERROR - 2020-08-08 13:35:42 --> Unable to write cache file: F:\FBP\fullbasketproperty.com\application\cache/
ERROR - 2020-08-08 13:35:55 --> Unable to write cache file: F:\FBP\fullbasketproperty.com\application\cache/
ERROR - 2020-08-08 13:36:08 --> Unable to write cache file: F:\FBP\fullbasketproperty.com\application\cache/
ERROR - 2020-08-08 13:36:32 --> Unable to write cache file: F:\FBP\fullbasketproperty.com\application\cache/
ERROR - 2020-08-08 13:36:42 --> Unable to write cache file: F:\FBP\fullbasketproperty.com\application\cache/
ERROR - 2020-08-08 13:36:52 --> Unable to write cache file: F:\FBP\fullbasketproperty.com\application\cache/
ERROR - 2020-08-08 13:37:01 --> Unable to write cache file: F:\FBP\fullbasketproperty.com\application\cache/
ERROR - 2020-08-08 13:37:51 --> Unable to write cache file: F:\FBP\fullbasketproperty.com\application\cache/
ERROR - 2020-08-08 13:39:40 --> Unable to write cache file: F:\FBP\fullbasketproperty.com\application\cache/
ERROR - 2020-08-08 13:40:02 --> Unable to write cache file: F:\FBP\fullbasketproperty.com\application\cache/
ERROR - 2020-08-08 13:47:47 --> Unable to write cache file: F:\FBP\fullbasketproperty.com\application\cache/
ERROR - 2020-08-08 13:51:15 --> Severity: error --> Exception: Call to a member function get_city_id() on null F:\FBP\fullbasketproperty.com\application\controllers\Home.php 958
ERROR - 2020-08-08 13:51:25 --> Unable to write cache file: F:\FBP\fullbasketproperty.com\application\cache/
ERROR - 2020-08-08 13:52:09 --> Unable to write cache file: F:\FBP\fullbasketproperty.com\application\cache/
ERROR - 2020-08-08 13:52:13 --> Severity: error --> Exception: Call to a member function get_city_id() on null F:\FBP\fullbasketproperty.com\application\controllers\Home.php 958
ERROR - 2020-08-08 13:52:23 --> Unable to write cache file: F:\FBP\fullbasketproperty.com\application\cache/
ERROR - 2020-08-08 13:52:26 --> Severity: error --> Exception: Call to a member function get_city_id() on null F:\FBP\fullbasketproperty.com\application\controllers\Home.php 958
ERROR - 2020-08-08 13:52:36 --> Unable to write cache file: F:\FBP\fullbasketproperty.com\application\cache/
ERROR - 2020-08-08 13:52:38 --> Severity: error --> Exception: Call to a member function get_city_id() on null F:\FBP\fullbasketproperty.com\application\controllers\Home.php 958
ERROR - 2020-08-08 13:52:49 --> Unable to write cache file: F:\FBP\fullbasketproperty.com\application\cache/
ERROR - 2020-08-08 13:53:01 --> Severity: error --> Exception: Call to a member function get_location_id() on null F:\FBP\fullbasketproperty.com\application\controllers\Home.php 959
ERROR - 2020-08-08 13:53:11 --> Unable to write cache file: F:\FBP\fullbasketproperty.com\application\cache/
ERROR - 2020-08-08 13:53:22 --> Unable to write cache file: F:\FBP\fullbasketproperty.com\application\cache/
ERROR - 2020-08-08 13:53:35 --> Unable to write cache file: F:\FBP\fullbasketproperty.com\application\cache/
ERROR - 2020-08-08 13:53:54 --> Unable to write cache file: F:\FBP\fullbasketproperty.com\application\cache/
ERROR - 2020-08-08 13:54:06 --> Unable to write cache file: F:\FBP\fullbasketproperty.com\application\cache/
ERROR - 2020-08-08 13:54:17 --> Unable to write cache file: F:\FBP\fullbasketproperty.com\application\cache/
ERROR - 2020-08-08 13:54:30 --> Unable to write cache file: F:\FBP\fullbasketproperty.com\application\cache/
ERROR - 2020-08-08 13:54:41 --> Unable to write cache file: F:\FBP\fullbasketproperty.com\application\cache/
ERROR - 2020-08-08 13:54:51 --> Unable to write cache file: F:\FBP\fullbasketproperty.com\application\cache/
ERROR - 2020-08-08 13:55:04 --> Unable to write cache file: F:\FBP\fullbasketproperty.com\application\cache/
ERROR - 2020-08-08 13:55:15 --> Unable to write cache file: F:\FBP\fullbasketproperty.com\application\cache/
ERROR - 2020-08-08 13:55:24 --> Unable to write cache file: F:\FBP\fullbasketproperty.com\application\cache/
ERROR - 2020-08-08 13:55:33 --> Unable to write cache file: F:\FBP\fullbasketproperty.com\application\cache/
ERROR - 2020-08-08 13:55:42 --> Unable to write cache file: F:\FBP\fullbasketproperty.com\application\cache/
ERROR - 2020-08-08 13:56:02 --> Unable to write cache file: F:\FBP\fullbasketproperty.com\application\cache/
ERROR - 2020-08-08 13:56:18 --> Unable to write cache file: F:\FBP\fullbasketproperty.com\application\cache/
ERROR - 2020-08-08 13:56:28 --> Unable to write cache file: F:\FBP\fullbasketproperty.com\application\cache/
ERROR - 2020-08-08 13:57:32 --> Unable to write cache file: F:\FBP\fullbasketproperty.com\application\cache/
ERROR - 2020-08-08 13:58:03 --> Unable to write cache file: F:\FBP\fullbasketproperty.com\application\cache/
ERROR - 2020-08-08 13:58:12 --> Unable to write cache file: F:\FBP\fullbasketproperty.com\application\cache/
ERROR - 2020-08-08 13:58:28 --> Unable to write cache file: F:\FBP\fullbasketproperty.com\application\cache/
ERROR - 2020-08-08 13:58:46 --> Unable to write cache file: F:\FBP\fullbasketproperty.com\application\cache/
ERROR - 2020-08-08 13:58:56 --> Unable to write cache file: F:\FBP\fullbasketproperty.com\application\cache/
ERROR - 2020-08-08 13:59:06 --> Unable to write cache file: F:\FBP\fullbasketproperty.com\application\cache/
ERROR - 2020-08-08 13:59:20 --> Unable to write cache file: F:\FBP\fullbasketproperty.com\application\cache/
ERROR - 2020-08-08 13:59:29 --> Unable to write cache file: F:\FBP\fullbasketproperty.com\application\cache/
ERROR - 2020-08-08 13:59:38 --> Unable to write cache file: F:\FBP\fullbasketproperty.com\application\cache/
ERROR - 2020-08-08 13:59:49 --> Unable to write cache file: F:\FBP\fullbasketproperty.com\application\cache/
ERROR - 2020-08-08 13:59:58 --> Unable to write cache file: F:\FBP\fullbasketproperty.com\application\cache/
ERROR - 2020-08-08 14:00:09 --> Unable to write cache file: F:\FBP\fullbasketproperty.com\application\cache/
ERROR - 2020-08-08 14:00:18 --> Unable to write cache file: F:\FBP\fullbasketproperty.com\application\cache/
ERROR - 2020-08-08 14:00:26 --> Unable to write cache file: F:\FBP\fullbasketproperty.com\application\cache/
ERROR - 2020-08-08 14:00:34 --> Unable to write cache file: F:\FBP\fullbasketproperty.com\application\cache/
ERROR - 2020-08-08 14:01:02 --> Unable to write cache file: F:\FBP\fullbasketproperty.com\application\cache/
ERROR - 2020-08-08 14:01:09 --> Unable to write cache file: F:\FBP\fullbasketproperty.com\application\cache/
ERROR - 2020-08-08 14:01:17 --> Unable to write cache file: F:\FBP\fullbasketproperty.com\application\cache/
ERROR - 2020-08-08 14:01:24 --> Unable to write cache file: F:\FBP\fullbasketproperty.com\application\cache/
ERROR - 2020-08-08 14:01:34 --> Unable to write cache file: F:\FBP\fullbasketproperty.com\application\cache/
ERROR - 2020-08-08 14:01:34 --> Unable to write cache file: F:\FBP\fullbasketproperty.com\application\cache/
ERROR - 2020-08-08 14:01:43 --> Unable to write cache file: F:\FBP\fullbasketproperty.com\application\cache/
ERROR - 2020-08-08 14:01:52 --> Unable to write cache file: F:\FBP\fullbasketproperty.com\application\cache/
ERROR - 2020-08-08 14:02:14 --> Unable to write cache file: F:\FBP\fullbasketproperty.com\application\cache/
ERROR - 2020-08-08 14:02:25 --> Unable to write cache file: F:\FBP\fullbasketproperty.com\application\cache/
ERROR - 2020-08-08 14:02:56 --> Unable to write cache file: F:\FBP\fullbasketproperty.com\application\cache/
ERROR - 2020-08-08 14:03:13 --> Unable to write cache file: F:\FBP\fullbasketproperty.com\application\cache/
ERROR - 2020-08-08 14:03:25 --> Unable to write cache file: F:\FBP\fullbasketproperty.com\application\cache/
ERROR - 2020-08-08 14:03:35 --> Unable to write cache file: F:\FBP\fullbasketproperty.com\application\cache/
ERROR - 2020-08-08 14:03:43 --> Unable to write cache file: F:\FBP\fullbasketproperty.com\application\cache/
ERROR - 2020-08-08 14:03:54 --> Unable to write cache file: F:\FBP\fullbasketproperty.com\application\cache/
ERROR - 2020-08-08 14:04:03 --> Unable to write cache file: F:\FBP\fullbasketproperty.com\application\cache/
ERROR - 2020-08-08 14:04:11 --> Unable to write cache file: F:\FBP\fullbasketproperty.com\application\cache/
ERROR - 2020-08-08 14:04:21 --> Unable to write cache file: F:\FBP\fullbasketproperty.com\application\cache/
ERROR - 2020-08-08 14:04:33 --> Unable to write cache file: F:\FBP\fullbasketproperty.com\application\cache/
ERROR - 2020-08-08 14:04:44 --> Unable to write cache file: F:\FBP\fullbasketproperty.com\application\cache/
ERROR - 2020-08-08 14:04:52 --> Unable to write cache file: F:\FBP\fullbasketproperty.com\application\cache/
ERROR - 2020-08-08 14:05:01 --> Unable to write cache file: F:\FBP\fullbasketproperty.com\application\cache/
ERROR - 2020-08-08 14:05:14 --> Unable to write cache file: F:\FBP\fullbasketproperty.com\application\cache/
ERROR - 2020-08-08 14:05:24 --> Unable to write cache file: F:\FBP\fullbasketproperty.com\application\cache/
ERROR - 2020-08-08 14:05:33 --> Unable to write cache file: F:\FBP\fullbasketproperty.com\application\cache/
ERROR - 2020-08-08 14:05:45 --> Unable to write cache file: F:\FBP\fullbasketproperty.com\application\cache/
ERROR - 2020-08-08 14:05:53 --> Unable to write cache file: F:\FBP\fullbasketproperty.com\application\cache/
ERROR - 2020-08-08 14:06:02 --> Unable to write cache file: F:\FBP\fullbasketproperty.com\application\cache/
ERROR - 2020-08-08 14:06:10 --> Unable to write cache file: F:\FBP\fullbasketproperty.com\application\cache/
ERROR - 2020-08-08 14:06:19 --> Unable to write cache file: F:\FBP\fullbasketproperty.com\application\cache/
ERROR - 2020-08-08 14:06:27 --> Unable to write cache file: F:\FBP\fullbasketproperty.com\application\cache/
ERROR - 2020-08-08 14:06:34 --> Unable to write cache file: F:\FBP\fullbasketproperty.com\application\cache/
ERROR - 2020-08-08 14:06:35 --> Unable to write cache file: F:\FBP\fullbasketproperty.com\application\cache/
ERROR - 2020-08-08 14:06:43 --> Unable to write cache file: F:\FBP\fullbasketproperty.com\application\cache/
ERROR - 2020-08-08 14:06:52 --> Unable to write cache file: F:\FBP\fullbasketproperty.com\application\cache/
ERROR - 2020-08-08 14:07:00 --> Unable to write cache file: F:\FBP\fullbasketproperty.com\application\cache/
ERROR - 2020-08-08 14:07:07 --> Unable to write cache file: F:\FBP\fullbasketproperty.com\application\cache/
ERROR - 2020-08-08 14:07:16 --> Unable to write cache file: F:\FBP\fullbasketproperty.com\application\cache/
ERROR - 2020-08-08 14:07:24 --> Unable to write cache file: F:\FBP\fullbasketproperty.com\application\cache/
ERROR - 2020-08-08 14:07:32 --> Unable to write cache file: F:\FBP\fullbasketproperty.com\application\cache/
ERROR - 2020-08-08 14:07:40 --> Unable to write cache file: F:\FBP\fullbasketproperty.com\application\cache/
ERROR - 2020-08-08 14:07:49 --> Unable to write cache file: F:\FBP\fullbasketproperty.com\application\cache/
ERROR - 2020-08-08 14:07:57 --> Unable to write cache file: F:\FBP\fullbasketproperty.com\application\cache/
ERROR - 2020-08-08 15:06:14 --> Unable to write cache file: F:\FBP\fullbasketproperty.com\application\cache/
ERROR - 2020-08-08 15:06:34 --> Unable to write cache file: F:\FBP\fullbasketproperty.com\application\cache/
ERROR - 2020-08-08 15:06:34 --> Severity: Warning --> ini_set(): A session is active. You cannot change the session module's ini settings at this time F:\FBP\fullbasketproperty.com\system\libraries\Session\Session_driver.php 188
ERROR - 2020-08-08 15:06:34 --> Unable to write cache file: F:\FBP\fullbasketproperty.com\application\cache/
ERROR - 2020-08-08 15:06:34 --> Severity: Warning --> ini_set(): A session is active. You cannot change the session module's ini settings at this time F:\FBP\fullbasketproperty.com\system\libraries\Session\Session_driver.php 188
ERROR - 2020-08-08 15:06:34 --> Severity: Warning --> session_write_close(): Failed to write session data using user defined save handler. (session.save_path: C:\xampp_new\tmp) Unknown 0
ERROR - 2020-08-08 15:06:34 --> Severity: Warning --> session_write_close(): Failed to write session data using user defined save handler. (session.save_path: C:\xampp_new\tmp) Unknown 0
ERROR - 2020-08-08 15:06:34 --> Unable to write cache file: F:\FBP\fullbasketproperty.com\application\cache/
ERROR - 2020-08-08 15:06:34 --> Severity: Warning --> ini_set(): A session is active. You cannot change the session module's ini settings at this time F:\FBP\fullbasketproperty.com\system\libraries\Session\Session_driver.php 188
ERROR - 2020-08-08 15:06:34 --> Severity: Warning --> session_write_close(): Failed to write session data using user defined save handler. (session.save_path: C:\xampp_new\tmp) Unknown 0
ERROR - 2020-08-08 18:08:01 --> Unable to write cache file: F:\FBP\fullbasketproperty.com\application\cache/
ERROR - 2020-08-08 18:08:16 --> Unable to write cache file: F:\FBP\fullbasketproperty.com\application\cache/
ERROR - 2020-08-08 18:08:17 --> Severity: Warning --> min(): Array must contain at least one element F:\FBP\fullbasketproperty.com\application\views\property-design.php 908
ERROR - 2020-08-08 18:08:17 --> Severity: Warning --> min(): Array must contain at least one element F:\FBP\fullbasketproperty.com\application\views\property-design.php 955
ERROR - 2020-08-08 18:08:32 --> Unable to write cache file: F:\FBP\fullbasketproperty.com\application\cache/
ERROR - 2020-08-08 18:08:43 --> Unable to write cache file: F:\FBP\fullbasketproperty.com\application\cache/
ERROR - 2020-08-08 18:08:58 --> Unable to write cache file: F:\FBP\fullbasketproperty.com\application\cache/
ERROR - 2020-08-08 18:09:00 --> Severity: Warning --> min(): Array must contain at least one element F:\FBP\fullbasketproperty.com\application\views\property-design.php 908
ERROR - 2020-08-08 18:09:00 --> Severity: Warning --> min(): Array must contain at least one element F:\FBP\fullbasketproperty.com\application\views\property-design.php 955
ERROR - 2020-08-08 18:09:11 --> Unable to write cache file: F:\FBP\fullbasketproperty.com\application\cache/
ERROR - 2020-08-08 18:09:45 --> Unable to write cache file: F:\FBP\fullbasketproperty.com\application\cache/
ERROR - 2020-08-08 18:09:52 --> Unable to write cache file: F:\FBP\fullbasketproperty.com\application\cache/
ERROR - 2020-08-08 18:09:59 --> Unable to write cache file: F:\FBP\fullbasketproperty.com\application\cache/
ERROR - 2020-08-08 18:10:06 --> Unable to write cache file: F:\FBP\fullbasketproperty.com\application\cache/
ERROR - 2020-08-08 18:10:16 --> Unable to write cache file: F:\FBP\fullbasketproperty.com\application\cache/
ERROR - 2020-08-08 18:10:24 --> Unable to write cache file: F:\FBP\fullbasketproperty.com\application\cache/
ERROR - 2020-08-08 18:10:32 --> Unable to write cache file: F:\FBP\fullbasketproperty.com\application\cache/
ERROR - 2020-08-08 18:10:40 --> Unable to write cache file: F:\FBP\fullbasketproperty.com\application\cache/
ERROR - 2020-08-08 18:10:50 --> Unable to write cache file: F:\FBP\fullbasketproperty.com\application\cache/
ERROR - 2020-08-08 18:10:59 --> Unable to write cache file: F:\FBP\fullbasketproperty.com\application\cache/
ERROR - 2020-08-08 18:12:06 --> Unable to write cache file: F:\FBP\fullbasketproperty.com\application\cache/
ERROR - 2020-08-08 19:03:28 --> Unable to write cache file: F:\FBP\fullbasketproperty.com\application\cache/
ERROR - 2020-08-08 19:04:07 --> Unable to write cache file: F:\FBP\fullbasketproperty.com\application\cache/
ERROR - 2020-08-08 19:04:17 --> Unable to write cache file: F:\FBP\fullbasketproperty.com\application\cache/
ERROR - 2020-08-08 19:04:23 --> Unable to write cache file: F:\FBP\fullbasketproperty.com\application\cache/
ERROR - 2020-08-08 19:04:31 --> Unable to write cache file: F:\FBP\fullbasketproperty.com\application\cache/
ERROR - 2020-08-08 19:04:42 --> Unable to write cache file: F:\FBP\fullbasketproperty.com\application\cache/
ERROR - 2020-08-08 19:04:50 --> Unable to write cache file: F:\FBP\fullbasketproperty.com\application\cache/
ERROR - 2020-08-08 19:04:57 --> Unable to write cache file: F:\FBP\fullbasketproperty.com\application\cache/
ERROR - 2020-08-08 19:05:04 --> Unable to write cache file: F:\FBP\fullbasketproperty.com\application\cache/
ERROR - 2020-08-08 19:05:37 --> Unable to write cache file: F:\FBP\fullbasketproperty.com\application\cache/
ERROR - 2020-08-08 19:05:47 --> Unable to write cache file: F:\FBP\fullbasketproperty.com\application\cache/
ERROR - 2020-08-08 19:05:58 --> Unable to write cache file: F:\FBP\fullbasketproperty.com\application\cache/
ERROR - 2020-08-08 19:06:06 --> Unable to write cache file: F:\FBP\fullbasketproperty.com\application\cache/
ERROR - 2020-08-08 19:06:21 --> Unable to write cache file: F:\FBP\fullbasketproperty.com\application\cache/
ERROR - 2020-08-08 19:06:28 --> Unable to write cache file: F:\FBP\fullbasketproperty.com\application\cache/
