ERROR - 2020-08-07 07:07:08 --> Severity: Warning --> mysqli::real_connect(): (HY000/2002): No connection could be made because the target machine actively refused it.
 F:\FBP\fullbasketproperty.com\system\database\drivers\mysqli\mysqli_driver.php 201
ERROR - 2020-08-07 07:07:08 --> Unable to connect to the database
ERROR - 2020-08-07 07:07:14 --> Severity: Warning --> mysqli::real_connect(): (HY000/2002): No connection could be made because the target machine actively refused it.
 F:\FBP\fullbasketproperty.com\system\database\drivers\mysqli\mysqli_driver.php 201
ERROR - 2020-08-07 07:07:14 --> Unable to connect to the database
ERROR - 2020-08-07 10:37:47 --> Unable to write cache file: F:\FBP\fullbasketproperty.com\application\cache/
ERROR - 2020-08-07 10:38:00 --> Unable to write cache file: F:\FBP\fullbasketproperty.com\application\cache/
ERROR - 2020-08-07 10:38:06 --> Unable to write cache file: F:\FBP\fullbasketproperty.com\application\cache/
ERROR - 2020-08-07 10:38:14 --> Unable to write cache file: F:\FBP\fullbasketproperty.com\application\cache/
ERROR - 2020-08-07 10:38:23 --> Unable to write cache file: F:\FBP\fullbasketproperty.com\application\cache/
ERROR - 2020-08-07 10:38:31 --> Unable to write cache file: F:\FBP\fullbasketproperty.com\application\cache/
ERROR - 2020-08-07 10:38:38 --> Unable to write cache file: F:\FBP\fullbasketproperty.com\application\cache/
ERROR - 2020-08-07 10:38:45 --> Unable to write cache file: F:\FBP\fullbasketproperty.com\application\cache/
ERROR - 2020-08-07 10:38:51 --> Unable to write cache file: F:\FBP\fullbasketproperty.com\application\cache/
ERROR - 2020-08-07 10:38:58 --> Unable to write cache file: F:\FBP\fullbasketproperty.com\application\cache/
ERROR - 2020-08-07 10:39:04 --> Unable to write cache file: F:\FBP\fullbasketproperty.com\application\cache/
ERROR - 2020-08-07 10:39:09 --> Unable to write cache file: F:\FBP\fullbasketproperty.com\application\cache/
ERROR - 2020-08-07 10:39:16 --> Unable to write cache file: F:\FBP\fullbasketproperty.com\application\cache/
ERROR - 2020-08-07 10:39:24 --> Unable to write cache file: F:\FBP\fullbasketproperty.com\application\cache/
ERROR - 2020-08-07 10:39:43 --> Unable to write cache file: F:\FBP\fullbasketproperty.com\application\cache/
ERROR - 2020-08-07 10:39:49 --> Unable to write cache file: F:\FBP\fullbasketproperty.com\application\cache/
ERROR - 2020-08-07 10:39:55 --> Unable to write cache file: F:\FBP\fullbasketproperty.com\application\cache/
ERROR - 2020-08-07 10:41:36 --> Unable to write cache file: F:\FBP\fullbasketproperty.com\application\cache/
ERROR - 2020-08-07 10:41:48 --> Unable to write cache file: F:\FBP\fullbasketproperty.com\application\cache/
ERROR - 2020-08-07 10:41:57 --> Unable to write cache file: F:\FBP\fullbasketproperty.com\application\cache/
ERROR - 2020-08-07 10:47:31 --> Unable to write cache file: F:\FBP\fullbasketproperty.com\application\cache/
ERROR - 2020-08-07 10:47:40 --> Unable to write cache file: F:\FBP\fullbasketproperty.com\application\cache/
ERROR - 2020-08-07 10:47:49 --> Unable to write cache file: F:\FBP\fullbasketproperty.com\application\cache/
ERROR - 2020-08-07 10:47:59 --> Unable to write cache file: F:\FBP\fullbasketproperty.com\application\cache/
ERROR - 2020-08-07 10:48:15 --> Unable to write cache file: F:\FBP\fullbasketproperty.com\application\cache/
ERROR - 2020-08-07 10:48:28 --> Unable to write cache file: F:\FBP\fullbasketproperty.com\application\cache/
ERROR - 2020-08-07 10:48:39 --> Unable to write cache file: F:\FBP\fullbasketproperty.com\application\cache/
ERROR - 2020-08-07 10:48:52 --> Unable to write cache file: F:\FBP\fullbasketproperty.com\application\cache/
ERROR - 2020-08-07 10:49:59 --> Severity: error --> Exception: syntax error, unexpected '}' F:\FBP\fullbasketproperty.com\application\views\property-design.php 894
ERROR - 2020-08-07 10:50:06 --> Unable to write cache file: F:\FBP\fullbasketproperty.com\application\cache/
ERROR - 2020-08-07 10:50:31 --> Unable to write cache file: F:\FBP\fullbasketproperty.com\application\cache/
ERROR - 2020-08-07 10:50:38 --> Unable to write cache file: F:\FBP\fullbasketproperty.com\application\cache/
ERROR - 2020-08-07 10:51:03 --> Unable to write cache file: F:\FBP\fullbasketproperty.com\application\cache/
ERROR - 2020-08-07 10:51:08 --> Unable to write cache file: F:\FBP\fullbasketproperty.com\application\cache/
ERROR - 2020-08-07 10:51:41 --> Unable to write cache file: F:\FBP\fullbasketproperty.com\application\cache/
ERROR - 2020-08-07 10:51:46 --> Unable to write cache file: F:\FBP\fullbasketproperty.com\application\cache/
ERROR - 2020-08-07 10:52:37 --> Unable to write cache file: F:\FBP\fullbasketproperty.com\application\cache/
ERROR - 2020-08-07 10:52:42 --> Unable to write cache file: F:\FBP\fullbasketproperty.com\application\cache/
ERROR - 2020-08-07 10:59:36 --> Severity: error --> Exception: syntax error, unexpected '<' F:\FBP\fullbasketproperty.com\application\views\property-design.php 893
ERROR - 2020-08-07 10:59:43 --> Unable to write cache file: F:\FBP\fullbasketproperty.com\application\cache/
ERROR - 2020-08-07 11:00:01 --> Severity: error --> Exception: syntax error, unexpected end of file F:\FBP\fullbasketproperty.com\application\views\property-design.php 2936
ERROR - 2020-08-07 11:00:07 --> Unable to write cache file: F:\FBP\fullbasketproperty.com\application\cache/
ERROR - 2020-08-07 11:00:31 --> Unable to write cache file: F:\FBP\fullbasketproperty.com\application\cache/
ERROR - 2020-08-07 11:00:37 --> Unable to write cache file: F:\FBP\fullbasketproperty.com\application\cache/
ERROR - 2020-08-07 11:02:11 --> Severity: error --> Exception: syntax error, unexpected ',' F:\FBP\fullbasketproperty.com\application\views\property-design.php 894
ERROR - 2020-08-07 11:02:17 --> Unable to write cache file: F:\FBP\fullbasketproperty.com\application\cache/
ERROR - 2020-08-07 11:02:42 --> Unable to write cache file: F:\FBP\fullbasketproperty.com\application\cache/
ERROR - 2020-08-07 11:02:48 --> Unable to write cache file: F:\FBP\fullbasketproperty.com\application\cache/
ERROR - 2020-08-07 11:03:36 --> Unable to write cache file: F:\FBP\fullbasketproperty.com\application\cache/
ERROR - 2020-08-07 11:03:41 --> Unable to write cache file: F:\FBP\fullbasketproperty.com\application\cache/
ERROR - 2020-08-07 11:04:50 --> Unable to write cache file: F:\FBP\fullbasketproperty.com\application\cache/
ERROR - 2020-08-07 11:04:55 --> Unable to write cache file: F:\FBP\fullbasketproperty.com\application\cache/
ERROR - 2020-08-07 11:08:51 --> Severity: error --> Exception: syntax error, unexpected '}' F:\FBP\fullbasketproperty.com\application\views\property-design.php 898
ERROR - 2020-08-07 11:09:00 --> Unable to write cache file: F:\FBP\fullbasketproperty.com\application\cache/
ERROR - 2020-08-07 11:09:15 --> Severity: error --> Exception: syntax error, unexpected '?>' F:\FBP\fullbasketproperty.com\application\views\property-design.php 899
ERROR - 2020-08-07 11:09:22 --> Unable to write cache file: F:\FBP\fullbasketproperty.com\application\cache/
ERROR - 2020-08-07 11:09:34 --> Severity: error --> Exception: syntax error, unexpected '<' F:\FBP\fullbasketproperty.com\application\views\property-design.php 899
ERROR - 2020-08-07 11:09:41 --> Unable to write cache file: F:\FBP\fullbasketproperty.com\application\cache/
ERROR - 2020-08-07 11:09:50 --> Severity: error --> Exception: syntax error, unexpected '?>' F:\FBP\fullbasketproperty.com\application\views\property-design.php 899
ERROR - 2020-08-07 11:09:57 --> Unable to write cache file: F:\FBP\fullbasketproperty.com\application\cache/
ERROR - 2020-08-07 11:11:17 --> Unable to write cache file: F:\FBP\fullbasketproperty.com\application\cache/
ERROR - 2020-08-07 11:11:24 --> Unable to write cache file: F:\FBP\fullbasketproperty.com\application\cache/
ERROR - 2020-08-07 11:11:49 --> Unable to write cache file: F:\FBP\fullbasketproperty.com\application\cache/
ERROR - 2020-08-07 11:11:54 --> Unable to write cache file: F:\FBP\fullbasketproperty.com\application\cache/
ERROR - 2020-08-07 11:12:49 --> Unable to write cache file: F:\FBP\fullbasketproperty.com\application\cache/
ERROR - 2020-08-07 11:12:55 --> Unable to write cache file: F:\FBP\fullbasketproperty.com\application\cache/
ERROR - 2020-08-07 11:15:22 --> Unable to write cache file: F:\FBP\fullbasketproperty.com\application\cache/
ERROR - 2020-08-07 11:15:38 --> Unable to write cache file: F:\FBP\fullbasketproperty.com\application\cache/
ERROR - 2020-08-07 11:15:45 --> Unable to write cache file: F:\FBP\fullbasketproperty.com\application\cache/
ERROR - 2020-08-07 11:15:51 --> Unable to write cache file: F:\FBP\fullbasketproperty.com\application\cache/
ERROR - 2020-08-07 11:16:38 --> Severity: error --> Exception: Call to undefined function money_fromat() F:\FBP\fullbasketproperty.com\application\views\property-design.php 915
ERROR - 2020-08-07 11:16:47 --> Unable to write cache file: F:\FBP\fullbasketproperty.com\application\cache/
ERROR - 2020-08-07 11:22:05 --> Severity: error --> Exception: Class 'NumberFormatter' not found F:\FBP\fullbasketproperty.com\application\views\property-design.php 905
ERROR - 2020-08-07 11:22:10 --> Unable to write cache file: F:\FBP\fullbasketproperty.com\application\cache/
ERROR - 2020-08-07 11:27:08 --> Unable to write cache file: F:\FBP\fullbasketproperty.com\application\cache/
ERROR - 2020-08-07 11:27:27 --> Unable to write cache file: F:\FBP\fullbasketproperty.com\application\cache/
ERROR - 2020-08-07 11:54:34 --> Unable to write cache file: F:\FBP\fullbasketproperty.com\application\cache/
ERROR - 2020-08-07 11:55:02 --> Unable to write cache file: F:\FBP\fullbasketproperty.com\application\cache/
ERROR - 2020-08-07 11:55:16 --> Unable to write cache file: F:\FBP\fullbasketproperty.com\application\cache/
ERROR - 2020-08-07 11:57:28 --> Unable to write cache file: F:\FBP\fullbasketproperty.com\application\cache/
ERROR - 2020-08-07 11:57:50 --> Unable to write cache file: F:\FBP\fullbasketproperty.com\application\cache/
ERROR - 2020-08-07 11:58:02 --> Unable to write cache file: F:\FBP\fullbasketproperty.com\application\cache/
ERROR - 2020-08-07 11:59:38 --> Unable to write cache file: F:\FBP\fullbasketproperty.com\application\cache/
ERROR - 2020-08-07 12:00:01 --> Unable to write cache file: F:\FBP\fullbasketproperty.com\application\cache/
ERROR - 2020-08-07 12:00:39 --> Unable to write cache file: F:\FBP\fullbasketproperty.com\application\cache/
ERROR - 2020-08-07 12:01:07 --> Unable to write cache file: F:\FBP\fullbasketproperty.com\application\cache/
ERROR - 2020-08-07 12:01:18 --> Unable to write cache file: F:\FBP\fullbasketproperty.com\application\cache/
ERROR - 2020-08-07 12:01:33 --> Unable to write cache file: F:\FBP\fullbasketproperty.com\application\cache/
ERROR - 2020-08-07 12:01:48 --> Unable to write cache file: F:\FBP\fullbasketproperty.com\application\cache/
ERROR - 2020-08-07 12:02:01 --> Unable to write cache file: F:\FBP\fullbasketproperty.com\application\cache/
ERROR - 2020-08-07 12:02:17 --> Unable to write cache file: F:\FBP\fullbasketproperty.com\application\cache/
ERROR - 2020-08-07 12:02:29 --> Unable to write cache file: F:\FBP\fullbasketproperty.com\application\cache/
