ERROR - 2020-08-04 10:53:39 --> Unable to write cache file: F:\FBP\fullbasketproperty.com\application\cache/
ERROR - 2020-08-04 10:53:49 --> Unable to write cache file: F:\FBP\fullbasketproperty.com\application\cache/
ERROR - 2020-08-04 10:53:53 --> Unable to write cache file: F:\FBP\fullbasketproperty.com\application\cache/
ERROR - 2020-08-04 10:53:57 --> Unable to write cache file: F:\FBP\fullbasketproperty.com\application\cache/
ERROR - 2020-08-04 10:54:05 --> Unable to write cache file: F:\FBP\fullbasketproperty.com\application\cache/
ERROR - 2020-08-04 10:54:11 --> Unable to write cache file: F:\FBP\fullbasketproperty.com\application\cache/
ERROR - 2020-08-04 10:54:17 --> Unable to write cache file: F:\FBP\fullbasketproperty.com\application\cache/
ERROR - 2020-08-04 10:54:23 --> Unable to write cache file: F:\FBP\fullbasketproperty.com\application\cache/
ERROR - 2020-08-04 10:54:27 --> Unable to write cache file: F:\FBP\fullbasketproperty.com\application\cache/
ERROR - 2020-08-04 10:54:31 --> Unable to write cache file: F:\FBP\fullbasketproperty.com\application\cache/
ERROR - 2020-08-04 10:55:09 --> Unable to write cache file: F:\FBP\fullbasketproperty.com\application\cache/
ERROR - 2020-08-04 10:55:16 --> Unable to write cache file: F:\FBP\fullbasketproperty.com\application\cache/
ERROR - 2020-08-04 10:59:44 --> Unable to write cache file: F:\FBP\fullbasketproperty.com\application\cache/
ERROR - 2020-08-04 10:59:49 --> Unable to write cache file: F:\FBP\fullbasketproperty.com\application\cache/
ERROR - 2020-08-04 11:00:05 --> Unable to write cache file: F:\FBP\fullbasketproperty.com\application\cache/
ERROR - 2020-08-04 11:00:10 --> Unable to write cache file: F:\FBP\fullbasketproperty.com\application\cache/
ERROR - 2020-08-04 11:00:54 --> Unable to write cache file: F:\FBP\fullbasketproperty.com\application\cache/
ERROR - 2020-08-04 11:01:00 --> Unable to write cache file: F:\FBP\fullbasketproperty.com\application\cache/
ERROR - 2020-08-04 11:01:04 --> Unable to write cache file: F:\FBP\fullbasketproperty.com\application\cache/
ERROR - 2020-08-04 11:01:11 --> Unable to write cache file: F:\FBP\fullbasketproperty.com\application\cache/
ERROR - 2020-08-04 11:01:26 --> Unable to write cache file: F:\FBP\fullbasketproperty.com\application\cache/
ERROR - 2020-08-04 11:01:40 --> Unable to write cache file: F:\FBP\fullbasketproperty.com\application\cache/
ERROR - 2020-08-04 11:03:36 --> Unable to write cache file: F:\FBP\fullbasketproperty.com\application\cache/
ERROR - 2020-08-04 11:03:41 --> Unable to write cache file: F:\FBP\fullbasketproperty.com\application\cache/
ERROR - 2020-08-04 11:04:19 --> Unable to write cache file: F:\FBP\fullbasketproperty.com\application\cache/
ERROR - 2020-08-04 11:04:25 --> Unable to write cache file: F:\FBP\fullbasketproperty.com\application\cache/
ERROR - 2020-08-04 11:04:33 --> Unable to write cache file: F:\FBP\fullbasketproperty.com\application\cache/
ERROR - 2020-08-04 11:04:48 --> Unable to write cache file: F:\FBP\fullbasketproperty.com\application\cache/
ERROR - 2020-08-04 11:04:49 --> Severity: Warning --> Illegal string offset 'bhk' F:\FBP\fullbasketproperty.com\application\controllers\Home.php 118
ERROR - 2020-08-04 11:04:49 --> Severity: Warning --> Illegal string offset 'bhk_range' F:\FBP\fullbasketproperty.com\application\controllers\Home.php 118
ERROR - 2020-08-04 11:04:49 --> Severity: Warning --> Illegal string offset 'price' F:\FBP\fullbasketproperty.com\application\controllers\Home.php 119
ERROR - 2020-08-04 11:04:49 --> Severity: Warning --> Illegal string offset 'price_range' F:\FBP\fullbasketproperty.com\application\controllers\Home.php 119
ERROR - 2020-08-04 11:04:49 --> Severity: Warning --> Illegal string offset 'baths' F:\FBP\fullbasketproperty.com\application\controllers\Home.php 120
ERROR - 2020-08-04 11:04:49 --> Severity: Warning --> Illegal string offset 'baths_range' F:\FBP\fullbasketproperty.com\application\controllers\Home.php 120
ERROR - 2020-08-04 11:05:07 --> Unable to write cache file: F:\FBP\fullbasketproperty.com\application\cache/
ERROR - 2020-08-04 11:05:08 --> Unable to write cache file: F:\FBP\fullbasketproperty.com\application\cache/
ERROR - 2020-08-04 11:05:19 --> Unable to write cache file: F:\FBP\fullbasketproperty.com\application\cache/
ERROR - 2020-08-04 11:05:25 --> Unable to write cache file: F:\FBP\fullbasketproperty.com\application\cache/
ERROR - 2020-08-04 11:05:41 --> Unable to write cache file: F:\FBP\fullbasketproperty.com\application\cache/
ERROR - 2020-08-04 11:05:51 --> Unable to write cache file: F:\FBP\fullbasketproperty.com\application\cache/
ERROR - 2020-08-04 11:05:58 --> Unable to write cache file: F:\FBP\fullbasketproperty.com\application\cache/
ERROR - 2020-08-04 11:06:05 --> Unable to write cache file: F:\FBP\fullbasketproperty.com\application\cache/
ERROR - 2020-08-04 11:07:04 --> Unable to write cache file: F:\FBP\fullbasketproperty.com\application\cache/
ERROR - 2020-08-04 15:40:56 --> Unable to write cache file: F:\FBP\fullbasketproperty.com\application\cache/
ERROR - 2020-08-04 15:41:19 --> Unable to write cache file: F:\FBP\fullbasketproperty.com\application\cache/
ERROR - 2020-08-04 15:41:24 --> Unable to write cache file: F:\FBP\fullbasketproperty.com\application\cache/
ERROR - 2020-08-04 15:41:35 --> Unable to write cache file: F:\FBP\fullbasketproperty.com\application\cache/
ERROR - 2020-08-04 15:41:43 --> Unable to write cache file: F:\FBP\fullbasketproperty.com\application\cache/
ERROR - 2020-08-04 15:41:47 --> Unable to write cache file: F:\FBP\fullbasketproperty.com\application\cache/
ERROR - 2020-08-04 15:41:54 --> Unable to write cache file: F:\FBP\fullbasketproperty.com\application\cache/
ERROR - 2020-08-04 15:42:02 --> Unable to write cache file: F:\FBP\fullbasketproperty.com\application\cache/
ERROR - 2020-08-04 15:42:12 --> Unable to write cache file: F:\FBP\fullbasketproperty.com\application\cache/
ERROR - 2020-08-04 15:42:21 --> Unable to write cache file: F:\FBP\fullbasketproperty.com\application\cache/
ERROR - 2020-08-04 15:42:27 --> Unable to write cache file: F:\FBP\fullbasketproperty.com\application\cache/
ERROR - 2020-08-04 15:42:33 --> Unable to write cache file: F:\FBP\fullbasketproperty.com\application\cache/
ERROR - 2020-08-04 15:42:37 --> Unable to write cache file: F:\FBP\fullbasketproperty.com\application\cache/
ERROR - 2020-08-04 15:42:41 --> Unable to write cache file: F:\FBP\fullbasketproperty.com\application\cache/
ERROR - 2020-08-04 15:42:45 --> Unable to write cache file: F:\FBP\fullbasketproperty.com\application\cache/
ERROR - 2020-08-04 15:42:50 --> Unable to write cache file: F:\FBP\fullbasketproperty.com\application\cache/
ERROR - 2020-08-04 15:42:54 --> Unable to write cache file: F:\FBP\fullbasketproperty.com\application\cache/
ERROR - 2020-08-04 15:42:58 --> Unable to write cache file: F:\FBP\fullbasketproperty.com\application\cache/
ERROR - 2020-08-04 15:43:03 --> Unable to write cache file: F:\FBP\fullbasketproperty.com\application\cache/
ERROR - 2020-08-04 15:43:07 --> Unable to write cache file: F:\FBP\fullbasketproperty.com\application\cache/
ERROR - 2020-08-04 15:43:12 --> Unable to write cache file: F:\FBP\fullbasketproperty.com\application\cache/
ERROR - 2020-08-04 15:43:16 --> Unable to write cache file: F:\FBP\fullbasketproperty.com\application\cache/
ERROR - 2020-08-04 15:43:20 --> Unable to write cache file: F:\FBP\fullbasketproperty.com\application\cache/
ERROR - 2020-08-04 15:43:24 --> Unable to write cache file: F:\FBP\fullbasketproperty.com\application\cache/
ERROR - 2020-08-04 15:43:29 --> Unable to write cache file: F:\FBP\fullbasketproperty.com\application\cache/
ERROR - 2020-08-04 15:43:33 --> Unable to write cache file: F:\FBP\fullbasketproperty.com\application\cache/
ERROR - 2020-08-04 15:43:37 --> Unable to write cache file: F:\FBP\fullbasketproperty.com\application\cache/
ERROR - 2020-08-04 15:43:41 --> Unable to write cache file: F:\FBP\fullbasketproperty.com\application\cache/
ERROR - 2020-08-04 15:43:46 --> Unable to write cache file: F:\FBP\fullbasketproperty.com\application\cache/
ERROR - 2020-08-04 15:43:50 --> Unable to write cache file: F:\FBP\fullbasketproperty.com\application\cache/
ERROR - 2020-08-04 15:43:54 --> Unable to write cache file: F:\FBP\fullbasketproperty.com\application\cache/
ERROR - 2020-08-04 15:43:58 --> Unable to write cache file: F:\FBP\fullbasketproperty.com\application\cache/
ERROR - 2020-08-04 15:44:02 --> Unable to write cache file: F:\FBP\fullbasketproperty.com\application\cache/
ERROR - 2020-08-04 15:44:07 --> Unable to write cache file: F:\FBP\fullbasketproperty.com\application\cache/
ERROR - 2020-08-04 15:44:11 --> Unable to write cache file: F:\FBP\fullbasketproperty.com\application\cache/
ERROR - 2020-08-04 15:44:15 --> Unable to write cache file: F:\FBP\fullbasketproperty.com\application\cache/
ERROR - 2020-08-04 15:44:19 --> Unable to write cache file: F:\FBP\fullbasketproperty.com\application\cache/
ERROR - 2020-08-04 15:44:23 --> Unable to write cache file: F:\FBP\fullbasketproperty.com\application\cache/
ERROR - 2020-08-04 15:44:27 --> Unable to write cache file: F:\FBP\fullbasketproperty.com\application\cache/
ERROR - 2020-08-04 15:44:31 --> Unable to write cache file: F:\FBP\fullbasketproperty.com\application\cache/
ERROR - 2020-08-04 15:44:36 --> Unable to write cache file: F:\FBP\fullbasketproperty.com\application\cache/
ERROR - 2020-08-04 15:44:40 --> Unable to write cache file: F:\FBP\fullbasketproperty.com\application\cache/
ERROR - 2020-08-04 15:44:44 --> Unable to write cache file: F:\FBP\fullbasketproperty.com\application\cache/
ERROR - 2020-08-04 15:44:49 --> Unable to write cache file: F:\FBP\fullbasketproperty.com\application\cache/
ERROR - 2020-08-04 15:44:53 --> Unable to write cache file: F:\FBP\fullbasketproperty.com\application\cache/
ERROR - 2020-08-04 15:44:58 --> Unable to write cache file: F:\FBP\fullbasketproperty.com\application\cache/
ERROR - 2020-08-04 15:45:03 --> Unable to write cache file: F:\FBP\fullbasketproperty.com\application\cache/
ERROR - 2020-08-04 15:45:08 --> Unable to write cache file: F:\FBP\fullbasketproperty.com\application\cache/
ERROR - 2020-08-04 15:45:13 --> Unable to write cache file: F:\FBP\fullbasketproperty.com\application\cache/
ERROR - 2020-08-04 15:45:17 --> Unable to write cache file: F:\FBP\fullbasketproperty.com\application\cache/
ERROR - 2020-08-04 15:45:21 --> Unable to write cache file: F:\FBP\fullbasketproperty.com\application\cache/
ERROR - 2020-08-04 15:45:25 --> Unable to write cache file: F:\FBP\fullbasketproperty.com\application\cache/
ERROR - 2020-08-04 15:45:55 --> Unable to write cache file: F:\FBP\fullbasketproperty.com\application\cache/
ERROR - 2020-08-04 15:46:00 --> Unable to write cache file: F:\FBP\fullbasketproperty.com\application\cache/
ERROR - 2020-08-04 16:01:49 --> Unable to write cache file: F:\FBP\fullbasketproperty.com\application\cache/
ERROR - 2020-08-04 16:01:53 --> Unable to write cache file: F:\FBP\fullbasketproperty.com\application\cache/
ERROR - 2020-08-04 16:04:05 --> Unable to write cache file: F:\FBP\fullbasketproperty.com\application\cache/
ERROR - 2020-08-04 16:04:11 --> Unable to write cache file: F:\FBP\fullbasketproperty.com\application\cache/
ERROR - 2020-08-04 16:34:41 --> Unable to write cache file: F:\FBP\fullbasketproperty.com\application\cache/
ERROR - 2020-08-04 16:34:47 --> Unable to write cache file: F:\FBP\fullbasketproperty.com\application\cache/
ERROR - 2020-08-04 16:35:31 --> Unable to write cache file: F:\FBP\fullbasketproperty.com\application\cache/
ERROR - 2020-08-04 16:35:38 --> Unable to write cache file: F:\FBP\fullbasketproperty.com\application\cache/
ERROR - 2020-08-04 16:35:54 --> Unable to write cache file: F:\FBP\fullbasketproperty.com\application\cache/
ERROR - 2020-08-04 16:36:01 --> Unable to write cache file: F:\FBP\fullbasketproperty.com\application\cache/
ERROR - 2020-08-04 16:36:15 --> Unable to write cache file: F:\FBP\fullbasketproperty.com\application\cache/
ERROR - 2020-08-04 16:36:20 --> Unable to write cache file: F:\FBP\fullbasketproperty.com\application\cache/
ERROR - 2020-08-04 16:36:40 --> Unable to write cache file: F:\FBP\fullbasketproperty.com\application\cache/
ERROR - 2020-08-04 16:36:47 --> Unable to write cache file: F:\FBP\fullbasketproperty.com\application\cache/
ERROR - 2020-08-04 16:37:09 --> Unable to write cache file: F:\FBP\fullbasketproperty.com\application\cache/
ERROR - 2020-08-04 16:37:13 --> Unable to write cache file: F:\FBP\fullbasketproperty.com\application\cache/
ERROR - 2020-08-04 16:37:27 --> Unable to write cache file: F:\FBP\fullbasketproperty.com\application\cache/
ERROR - 2020-08-04 16:37:32 --> Unable to write cache file: F:\FBP\fullbasketproperty.com\application\cache/
ERROR - 2020-08-04 16:59:23 --> Unable to write cache file: F:\FBP\fullbasketproperty.com\application\cache/
ERROR - 2020-08-04 16:59:28 --> Unable to write cache file: F:\FBP\fullbasketproperty.com\application\cache/
ERROR - 2020-08-04 16:59:42 --> Unable to write cache file: F:\FBP\fullbasketproperty.com\application\cache/
ERROR - 2020-08-04 16:59:46 --> Unable to write cache file: F:\FBP\fullbasketproperty.com\application\cache/
ERROR - 2020-08-04 17:00:12 --> Unable to write cache file: F:\FBP\fullbasketproperty.com\application\cache/
ERROR - 2020-08-04 17:00:17 --> Unable to write cache file: F:\FBP\fullbasketproperty.com\application\cache/
ERROR - 2020-08-04 17:00:31 --> Unable to write cache file: F:\FBP\fullbasketproperty.com\application\cache/
ERROR - 2020-08-04 17:00:37 --> Unable to write cache file: F:\FBP\fullbasketproperty.com\application\cache/
ERROR - 2020-08-04 17:00:46 --> Unable to write cache file: F:\FBP\fullbasketproperty.com\application\cache/
ERROR - 2020-08-04 17:00:50 --> Unable to write cache file: F:\FBP\fullbasketproperty.com\application\cache/
ERROR - 2020-08-04 17:00:57 --> Unable to write cache file: F:\FBP\fullbasketproperty.com\application\cache/
ERROR - 2020-08-04 17:01:02 --> Unable to write cache file: F:\FBP\fullbasketproperty.com\application\cache/
ERROR - 2020-08-04 17:01:16 --> Unable to write cache file: F:\FBP\fullbasketproperty.com\application\cache/
ERROR - 2020-08-04 17:01:21 --> Unable to write cache file: F:\FBP\fullbasketproperty.com\application\cache/
ERROR - 2020-08-04 17:01:40 --> Unable to write cache file: F:\FBP\fullbasketproperty.com\application\cache/
ERROR - 2020-08-04 17:01:44 --> Unable to write cache file: F:\FBP\fullbasketproperty.com\application\cache/
ERROR - 2020-08-04 17:02:54 --> Unable to write cache file: F:\FBP\fullbasketproperty.com\application\cache/
ERROR - 2020-08-04 17:03:00 --> Unable to write cache file: F:\FBP\fullbasketproperty.com\application\cache/
ERROR - 2020-08-04 17:04:10 --> Severity: error --> Exception: syntax error, unexpected '<', expecting variable (T_VARIABLE) or '{' or '$' F:\FBP\fullbasketproperty.com\application\views\admin\properties\add.php 1077
ERROR - 2020-08-04 17:04:16 --> Unable to write cache file: F:\FBP\fullbasketproperty.com\application\cache/
ERROR - 2020-08-04 17:04:31 --> Unable to write cache file: F:\FBP\fullbasketproperty.com\application\cache/
ERROR - 2020-08-04 17:04:36 --> Unable to write cache file: F:\FBP\fullbasketproperty.com\application\cache/
ERROR - 2020-08-04 17:04:52 --> Unable to write cache file: F:\FBP\fullbasketproperty.com\application\cache/
ERROR - 2020-08-04 17:04:56 --> Unable to write cache file: F:\FBP\fullbasketproperty.com\application\cache/
ERROR - 2020-08-04 17:09:22 --> Unable to write cache file: F:\FBP\fullbasketproperty.com\application\cache/
ERROR - 2020-08-04 17:09:27 --> Unable to write cache file: F:\FBP\fullbasketproperty.com\application\cache/
ERROR - 2020-08-04 17:09:40 --> Unable to write cache file: F:\FBP\fullbasketproperty.com\application\cache/
ERROR - 2020-08-04 17:09:44 --> Unable to write cache file: F:\FBP\fullbasketproperty.com\application\cache/
ERROR - 2020-08-04 17:10:06 --> Unable to write cache file: F:\FBP\fullbasketproperty.com\application\cache/
ERROR - 2020-08-04 17:10:11 --> Unable to write cache file: F:\FBP\fullbasketproperty.com\application\cache/
ERROR - 2020-08-04 17:10:24 --> Unable to write cache file: F:\FBP\fullbasketproperty.com\application\cache/
ERROR - 2020-08-04 17:10:29 --> Unable to write cache file: F:\FBP\fullbasketproperty.com\application\cache/
ERROR - 2020-08-04 17:12:36 --> Unable to write cache file: F:\FBP\fullbasketproperty.com\application\cache/
ERROR - 2020-08-04 17:12:41 --> Unable to write cache file: F:\FBP\fullbasketproperty.com\application\cache/
ERROR - 2020-08-04 17:17:34 --> Unable to write cache file: F:\FBP\fullbasketproperty.com\application\cache/
ERROR - 2020-08-04 17:18:21 --> Unable to write cache file: F:\FBP\fullbasketproperty.com\application\cache/
ERROR - 2020-08-04 17:18:27 --> Unable to write cache file: F:\FBP\fullbasketproperty.com\application\cache/
ERROR - 2020-08-04 17:20:12 --> Unable to write cache file: F:\FBP\fullbasketproperty.com\application\cache/
ERROR - 2020-08-04 17:25:42 --> Unable to write cache file: F:\FBP\fullbasketproperty.com\application\cache/
ERROR - 2020-08-04 17:26:01 --> Unable to write cache file: F:\FBP\fullbasketproperty.com\application\cache/
ERROR - 2020-08-04 17:26:06 --> Unable to write cache file: F:\FBP\fullbasketproperty.com\application\cache/
ERROR - 2020-08-04 17:26:11 --> Unable to write cache file: F:\FBP\fullbasketproperty.com\application\cache/
ERROR - 2020-08-04 17:26:35 --> Unable to write cache file: F:\FBP\fullbasketproperty.com\application\cache/
ERROR - 2020-08-04 17:26:42 --> Unable to write cache file: F:\FBP\fullbasketproperty.com\application\cache/
ERROR - 2020-08-04 17:26:47 --> Unable to write cache file: F:\FBP\fullbasketproperty.com\application\cache/
ERROR - 2020-08-04 17:26:53 --> Unable to write cache file: F:\FBP\fullbasketproperty.com\application\cache/
ERROR - 2020-08-04 17:42:32 --> Unable to write cache file: F:\FBP\fullbasketproperty.com\application\cache/
ERROR - 2020-08-04 17:42:38 --> Unable to write cache file: F:\FBP\fullbasketproperty.com\application\cache/
ERROR - 2020-08-04 17:59:47 --> Unable to write cache file: F:\FBP\fullbasketproperty.com\application\cache/
ERROR - 2020-08-04 17:59:56 --> Unable to write cache file: F:\FBP\fullbasketproperty.com\application\cache/
ERROR - 2020-08-04 18:00:02 --> Unable to write cache file: F:\FBP\fullbasketproperty.com\application\cache/
ERROR - 2020-08-04 18:01:52 --> Query error: Column 'p_id' cannot be null - Invalid query: INSERT INTO `property_faqs` (`p_id`, `question`, `answer`) VALUES (NULL, 'question', 'answer')
ERROR - 2020-08-04 18:01:57 --> Unable to write cache file: F:\FBP\fullbasketproperty.com\application\cache/
ERROR - 2020-08-04 18:02:53 --> Unable to write cache file: F:\FBP\fullbasketproperty.com\application\cache/
ERROR - 2020-08-04 18:02:58 --> Unable to write cache file: F:\FBP\fullbasketproperty.com\application\cache/
ERROR - 2020-08-04 18:05:05 --> Unable to write cache file: F:\FBP\fullbasketproperty.com\application\cache/
ERROR - 2020-08-04 18:05:10 --> Unable to write cache file: F:\FBP\fullbasketproperty.com\application\cache/
ERROR - 2020-08-04 18:05:21 --> Unable to write cache file: F:\FBP\fullbasketproperty.com\application\cache/
ERROR - 2020-08-04 18:05:25 --> Unable to write cache file: F:\FBP\fullbasketproperty.com\application\cache/
ERROR - 2020-08-04 18:08:06 --> Unable to write cache file: F:\FBP\fullbasketproperty.com\application\cache/
ERROR - 2020-08-04 18:08:10 --> Unable to write cache file: F:\FBP\fullbasketproperty.com\application\cache/
ERROR - 2020-08-04 18:08:39 --> Unable to write cache file: F:\FBP\fullbasketproperty.com\application\cache/
ERROR - 2020-08-04 18:09:29 --> Unable to write cache file: F:\FBP\fullbasketproperty.com\application\cache/
ERROR - 2020-08-04 18:09:33 --> Unable to write cache file: F:\FBP\fullbasketproperty.com\application\cache/
ERROR - 2020-08-04 18:10:02 --> Severity: error --> Exception: Unsupported operand types F:\FBP\fullbasketproperty.com\application\views\admin\properties\edit.php 1144
ERROR - 2020-08-04 18:10:08 --> Unable to write cache file: F:\FBP\fullbasketproperty.com\application\cache/
ERROR - 2020-08-04 18:10:57 --> Severity: error --> Exception: Unsupported operand types F:\FBP\fullbasketproperty.com\application\views\admin\properties\edit.php 1144
ERROR - 2020-08-04 18:11:05 --> Unable to write cache file: F:\FBP\fullbasketproperty.com\application\cache/
ERROR - 2020-08-04 18:11:40 --> Unable to write cache file: F:\FBP\fullbasketproperty.com\application\cache/
ERROR - 2020-08-04 18:12:03 --> Unable to write cache file: F:\FBP\fullbasketproperty.com\application\cache/
ERROR - 2020-08-04 18:12:57 --> Severity: error --> Exception: Unsupported operand types F:\FBP\fullbasketproperty.com\application\views\admin\properties\edit.php 1144
ERROR - 2020-08-04 18:13:03 --> Unable to write cache file: F:\FBP\fullbasketproperty.com\application\cache/
ERROR - 2020-08-04 18:14:09 --> Unable to write cache file: F:\FBP\fullbasketproperty.com\application\cache/
ERROR - 2020-08-04 18:14:14 --> Unable to write cache file: F:\FBP\fullbasketproperty.com\application\cache/
ERROR - 2020-08-04 18:15:17 --> Unable to write cache file: F:\FBP\fullbasketproperty.com\application\cache/
ERROR - 2020-08-04 18:15:27 --> Unable to write cache file: F:\FBP\fullbasketproperty.com\application\cache/
ERROR - 2020-08-04 18:15:27 --> Severity: Warning --> Illegal string offset 'bhk' F:\FBP\fullbasketproperty.com\application\controllers\Home.php 118
ERROR - 2020-08-04 18:15:27 --> Severity: Warning --> Illegal string offset 'bhk_range' F:\FBP\fullbasketproperty.com\application\controllers\Home.php 118
ERROR - 2020-08-04 18:15:27 --> Severity: Warning --> Illegal string offset 'price' F:\FBP\fullbasketproperty.com\application\controllers\Home.php 119
ERROR - 2020-08-04 18:15:27 --> Severity: Warning --> Illegal string offset 'price_range' F:\FBP\fullbasketproperty.com\application\controllers\Home.php 119
ERROR - 2020-08-04 18:15:27 --> Severity: Warning --> Illegal string offset 'baths' F:\FBP\fullbasketproperty.com\application\controllers\Home.php 120
ERROR - 2020-08-04 18:15:27 --> Severity: Warning --> Illegal string offset 'baths_range' F:\FBP\fullbasketproperty.com\application\controllers\Home.php 120
ERROR - 2020-08-04 18:15:41 --> Unable to write cache file: F:\FBP\fullbasketproperty.com\application\cache/
ERROR - 2020-08-04 18:15:45 --> Unable to write cache file: F:\FBP\fullbasketproperty.com\application\cache/
ERROR - 2020-08-04 18:15:50 --> Unable to write cache file: F:\FBP\fullbasketproperty.com\application\cache/
ERROR - 2020-08-04 18:15:54 --> Unable to write cache file: F:\FBP\fullbasketproperty.com\application\cache/
ERROR - 2020-08-04 18:17:20 --> Unable to write cache file: F:\FBP\fullbasketproperty.com\application\cache/
ERROR - 2020-08-04 18:17:33 --> Unable to write cache file: F:\FBP\fullbasketproperty.com\application\cache/
ERROR - 2020-08-04 18:17:38 --> Unable to write cache file: F:\FBP\fullbasketproperty.com\application\cache/
ERROR - 2020-08-04 18:27:18 --> Unable to write cache file: F:\FBP\fullbasketproperty.com\application\cache/
ERROR - 2020-08-04 18:27:23 --> Unable to write cache file: F:\FBP\fullbasketproperty.com\application\cache/
ERROR - 2020-08-04 18:27:29 --> Unable to write cache file: F:\FBP\fullbasketproperty.com\application\cache/
ERROR - 2020-08-04 18:27:33 --> Unable to write cache file: F:\FBP\fullbasketproperty.com\application\cache/
ERROR - 2020-08-04 18:27:39 --> Unable to write cache file: F:\FBP\fullbasketproperty.com\application\cache/
ERROR - 2020-08-04 18:29:01 --> Unable to write cache file: F:\FBP\fullbasketproperty.com\application\cache/
ERROR - 2020-08-04 18:29:05 --> Unable to write cache file: F:\FBP\fullbasketproperty.com\application\cache/
ERROR - 2020-08-04 18:30:37 --> Query error: Table 'nkmtein_fullbasket_new.property_faq' doesn't exist - Invalid query: SELECT *
FROM `property_faq`
WHERE `property_id` = '489'
ERROR - 2020-08-04 18:30:41 --> Unable to write cache file: F:\FBP\fullbasketproperty.com\application\cache/
ERROR - 2020-08-04 18:31:01 --> Query error: Unknown column 'property_id' in 'where clause' - Invalid query: SELECT *
FROM `property_faqs`
WHERE `property_id` = '489'
ERROR - 2020-08-04 18:31:06 --> Unable to write cache file: F:\FBP\fullbasketproperty.com\application\cache/
ERROR - 2020-08-04 18:31:41 --> Query error: Unknown column 'p_id' in 'where clause' - Invalid query: SELECT *
FROM `property_images`
WHERE `p_id` = '489'
ERROR - 2020-08-04 18:31:46 --> Unable to write cache file: F:\FBP\fullbasketproperty.com\application\cache/
ERROR - 2020-08-04 18:32:21 --> Unable to write cache file: F:\FBP\fullbasketproperty.com\application\cache/
ERROR - 2020-08-04 18:32:26 --> Unable to write cache file: F:\FBP\fullbasketproperty.com\application\cache/
ERROR - 2020-08-04 18:39:10 --> Unable to write cache file: F:\FBP\fullbasketproperty.com\application\cache/
ERROR - 2020-08-04 18:39:14 --> Unable to write cache file: F:\FBP\fullbasketproperty.com\application\cache/
ERROR - 2020-08-04 18:39:51 --> Unable to write cache file: F:\FBP\fullbasketproperty.com\application\cache/
ERROR - 2020-08-04 18:39:55 --> Unable to write cache file: F:\FBP\fullbasketproperty.com\application\cache/
ERROR - 2020-08-04 18:40:44 --> Unable to write cache file: F:\FBP\fullbasketproperty.com\application\cache/
ERROR - 2020-08-04 18:40:48 --> Unable to write cache file: F:\FBP\fullbasketproperty.com\application\cache/
ERROR - 2020-08-04 18:41:30 --> Unable to write cache file: F:\FBP\fullbasketproperty.com\application\cache/
ERROR - 2020-08-04 18:41:34 --> Unable to write cache file: F:\FBP\fullbasketproperty.com\application\cache/
ERROR - 2020-08-04 18:42:34 --> Unable to write cache file: F:\FBP\fullbasketproperty.com\application\cache/
ERROR - 2020-08-04 18:42:39 --> Unable to write cache file: F:\FBP\fullbasketproperty.com\application\cache/
ERROR - 2020-08-04 18:42:56 --> Unable to write cache file: F:\FBP\fullbasketproperty.com\application\cache/
ERROR - 2020-08-04 18:43:00 --> Unable to write cache file: F:\FBP\fullbasketproperty.com\application\cache/
ERROR - 2020-08-04 18:43:49 --> Unable to write cache file: F:\FBP\fullbasketproperty.com\application\cache/
ERROR - 2020-08-04 18:43:56 --> Unable to write cache file: F:\FBP\fullbasketproperty.com\application\cache/
ERROR - 2020-08-04 18:44:01 --> Unable to write cache file: F:\FBP\fullbasketproperty.com\application\cache/
ERROR - 2020-08-04 18:44:07 --> Unable to write cache file: F:\FBP\fullbasketproperty.com\application\cache/
ERROR - 2020-08-04 18:45:45 --> Unable to write cache file: F:\FBP\fullbasketproperty.com\application\cache/
ERROR - 2020-08-04 18:48:09 --> Unable to write cache file: F:\FBP\fullbasketproperty.com\application\cache/
ERROR - 2020-08-04 18:49:07 --> Unable to write cache file: F:\FBP\fullbasketproperty.com\application\cache/
ERROR - 2020-08-04 18:51:04 --> Unable to write cache file: F:\FBP\fullbasketproperty.com\application\cache/
ERROR - 2020-08-04 18:51:12 --> Unable to write cache file: F:\FBP\fullbasketproperty.com\application\cache/
ERROR - 2020-08-04 18:51:20 --> Unable to write cache file: F:\FBP\fullbasketproperty.com\application\cache/
ERROR - 2020-08-04 18:51:28 --> Unable to write cache file: F:\FBP\fullbasketproperty.com\application\cache/
ERROR - 2020-08-04 18:51:33 --> Unable to write cache file: F:\FBP\fullbasketproperty.com\application\cache/
ERROR - 2020-08-04 18:52:22 --> Unable to write cache file: F:\FBP\fullbasketproperty.com\application\cache/
ERROR - 2020-08-04 18:52:28 --> Unable to write cache file: F:\FBP\fullbasketproperty.com\application\cache/
